[13-Dec-2020 07:52:10 UTC] PHP Warning:  include(/php/bd.php): failed to open stream: No such file or directory in C:\Winginx\home\kinoafishka.ru\public_html\index.php on line 6
[13-Dec-2020 07:52:10 UTC] PHP Warning:  include(): Failed opening '/php/bd.php' for inclusion (include_path='.;C:\php\pear') in C:\Winginx\home\kinoafishka.ru\public_html\index.php on line 6
[13-Dec-2020 07:52:10 UTC] PHP Fatal error:  Uncaught Error: Call to a member function query() on null in C:\Winginx\home\kinoafishka.ru\public_html\index.php:110
Stack trace:
#0 {main}
  thrown in C:\Winginx\home\kinoafishka.ru\public_html\index.php on line 110
[13-Dec-2020 07:53:56 UTC] PHP Warning:  include(/php/bd.php): failed to open stream: No such file or directory in C:\Winginx\home\kinoafishka.ru\public_html\index.php on line 8
[13-Dec-2020 07:53:56 UTC] PHP Warning:  include(): Failed opening '/php/bd.php' for inclusion (include_path='\public_html') in C:\Winginx\home\kinoafishka.ru\public_html\index.php on line 8
[13-Dec-2020 07:53:56 UTC] PHP Fatal error:  Uncaught Error: Call to a member function query() on null in C:\Winginx\home\kinoafishka.ru\public_html\index.php:113
Stack trace:
#0 {main}
  thrown in C:\Winginx\home\kinoafishka.ru\public_html\index.php on line 113
[13-Dec-2020 07:54:10 UTC] PHP Warning:  include(/php/bd.php): failed to open stream: No such file or directory in C:\Winginx\home\kinoafishka.ru\public_html\index.php on line 8
[13-Dec-2020 07:54:10 UTC] PHP Warning:  include(): Failed opening '/php/bd.php' for inclusion (include_path='\public_html') in C:\Winginx\home\kinoafishka.ru\public_html\index.php on line 8
[13-Dec-2020 07:54:10 UTC] PHP Fatal error:  Uncaught Error: Call to a member function query() on null in C:\Winginx\home\kinoafishka.ru\public_html\index.php:113
Stack trace:
#0 {main}
  thrown in C:\Winginx\home\kinoafishka.ru\public_html\index.php on line 113
[13-Dec-2020 07:54:34 UTC] PHP Warning:  include(/php/bd.php): failed to open stream: No such file or directory in C:\Winginx\home\kinoafishka.ru\public_html\index.php on line 8
[13-Dec-2020 07:54:34 UTC] PHP Warning:  include(): Failed opening '/php/bd.php' for inclusion (include_path='C:\Winginx\home\kinoafishka.ru\public_html') in C:\Winginx\home\kinoafishka.ru\public_html\index.php on line 8
[13-Dec-2020 07:54:34 UTC] PHP Fatal error:  Uncaught Error: Call to a member function query() on null in C:\Winginx\home\kinoafishka.ru\public_html\index.php:113
Stack trace:
#0 {main}
  thrown in C:\Winginx\home\kinoafishka.ru\public_html\index.php on line 113
[13-Dec-2020 07:55:00 UTC] PHP Warning:  include(/php/bd.php): failed to open stream: No such file or directory in C:\Winginx\home\kinoafishka.ru\public_html\index.php on line 8
[13-Dec-2020 07:55:00 UTC] PHP Warning:  include(): Failed opening '/php/bd.php' for inclusion (include_path='C:/Winginx/home/kinoafishka.ru/public_html') in C:\Winginx\home\kinoafishka.ru\public_html\index.php on line 8
[13-Dec-2020 07:55:00 UTC] PHP Fatal error:  Uncaught Error: Call to a member function query() on null in C:\Winginx\home\kinoafishka.ru\public_html\index.php:113
Stack trace:
#0 {main}
  thrown in C:\Winginx\home\kinoafishka.ru\public_html\index.php on line 113
[13-Dec-2020 07:55:06 UTC] PHP Warning:  include(/php/bd.php): failed to open stream: No such file or directory in C:\Winginx\home\kinoafishka.ru\public_html\index.php on line 8
[13-Dec-2020 07:55:06 UTC] PHP Warning:  include(): Failed opening '/php/bd.php' for inclusion (include_path='C:/Winginx/home/kinoafishka.ru/public_html/') in C:\Winginx\home\kinoafishka.ru\public_html\index.php on line 8
[13-Dec-2020 07:55:06 UTC] PHP Fatal error:  Uncaught Error: Call to a member function query() on null in C:\Winginx\home\kinoafishka.ru\public_html\index.php:113
Stack trace:
#0 {main}
  thrown in C:\Winginx\home\kinoafishka.ru\public_html\index.php on line 113
[13-Dec-2020 07:55:45 UTC] PHP Warning:  include(/php/bd.php): failed to open stream: No such file or directory in C:\Winginx\home\kinoafishka.ru\public_html\index.php on line 8
[13-Dec-2020 07:55:45 UTC] PHP Warning:  include(): Failed opening '/php/bd.php' for inclusion (include_path='C:/Winginx/home/kinoafishka.ru/public_html/') in C:\Winginx\home\kinoafishka.ru\public_html\index.php on line 8
[13-Dec-2020 07:55:45 UTC] PHP Fatal error:  Uncaught Error: Call to a member function query() on null in C:\Winginx\home\kinoafishka.ru\public_html\index.php:113
Stack trace:
#0 {main}
  thrown in C:\Winginx\home\kinoafishka.ru\public_html\index.php on line 113
[13-Dec-2020 07:55:46 UTC] PHP Warning:  include(/php/bd.php): failed to open stream: No such file or directory in C:\Winginx\home\kinoafishka.ru\public_html\index.php on line 8
[13-Dec-2020 07:55:46 UTC] PHP Warning:  include(): Failed opening '/php/bd.php' for inclusion (include_path='C:/Winginx/home/kinoafishka.ru/public_html/') in C:\Winginx\home\kinoafishka.ru\public_html\index.php on line 8
[13-Dec-2020 07:55:46 UTC] PHP Fatal error:  Uncaught Error: Call to a member function query() on null in C:\Winginx\home\kinoafishka.ru\public_html\index.php:113
Stack trace:
#0 {main}
  thrown in C:\Winginx\home\kinoafishka.ru\public_html\index.php on line 113
[13-Dec-2020 07:55:46 UTC] PHP Warning:  include(/php/bd.php): failed to open stream: No such file or directory in C:\Winginx\home\kinoafishka.ru\public_html\index.php on line 8
[13-Dec-2020 07:55:46 UTC] PHP Warning:  include(): Failed opening '/php/bd.php' for inclusion (include_path='C:/Winginx/home/kinoafishka.ru/public_html/') in C:\Winginx\home\kinoafishka.ru\public_html\index.php on line 8
[13-Dec-2020 07:55:46 UTC] PHP Fatal error:  Uncaught Error: Call to a member function query() on null in C:\Winginx\home\kinoafishka.ru\public_html\index.php:113
Stack trace:
#0 {main}
  thrown in C:\Winginx\home\kinoafishka.ru\public_html\index.php on line 113
[13-Dec-2020 07:55:47 UTC] PHP Warning:  include(/php/bd.php): failed to open stream: No such file or directory in C:\Winginx\home\kinoafishka.ru\public_html\index.php on line 8
[13-Dec-2020 07:55:47 UTC] PHP Warning:  include(): Failed opening '/php/bd.php' for inclusion (include_path='C:/Winginx/home/kinoafishka.ru/public_html/') in C:\Winginx\home\kinoafishka.ru\public_html\index.php on line 8
[13-Dec-2020 07:55:47 UTC] PHP Fatal error:  Uncaught Error: Call to a member function query() on null in C:\Winginx\home\kinoafishka.ru\public_html\index.php:113
Stack trace:
#0 {main}
  thrown in C:\Winginx\home\kinoafishka.ru\public_html\index.php on line 113
[13-Dec-2020 07:55:52 UTC] PHP Warning:  include(/php/bd.php): failed to open stream: No such file or directory in C:\Winginx\home\kinoafishka.ru\public_html\index.php on line 8
[13-Dec-2020 07:55:52 UTC] PHP Warning:  include(): Failed opening '/php/bd.php' for inclusion (include_path='C:/Winginx/home/kinoafishka.ru/public_html/') in C:\Winginx\home\kinoafishka.ru\public_html\index.php on line 8
[13-Dec-2020 07:55:52 UTC] PHP Fatal error:  Uncaught Error: Call to a member function query() on null in C:\Winginx\home\kinoafishka.ru\public_html\index.php:113
Stack trace:
#0 {main}
  thrown in C:\Winginx\home\kinoafishka.ru\public_html\index.php on line 113
[13-Dec-2020 07:56:20 UTC] PHP Warning:  include(/php/bd.php): failed to open stream: No such file or directory in C:\Winginx\home\kinoafishka.ru\public_html\index.php on line 8
[13-Dec-2020 07:56:20 UTC] PHP Warning:  include(): Failed opening '/php/bd.php' for inclusion (include_path='.;C:\php\pear') in C:\Winginx\home\kinoafishka.ru\public_html\index.php on line 8
[13-Dec-2020 07:56:20 UTC] PHP Fatal error:  Uncaught Error: Call to a member function query() on null in C:\Winginx\home\kinoafishka.ru\public_html\index.php:113
Stack trace:
#0 {main}
  thrown in C:\Winginx\home\kinoafishka.ru\public_html\index.php on line 113
[13-Dec-2020 07:56:21 UTC] PHP Warning:  include(/php/bd.php): failed to open stream: No such file or directory in C:\Winginx\home\kinoafishka.ru\public_html\index.php on line 8
[13-Dec-2020 07:56:21 UTC] PHP Warning:  include(): Failed opening '/php/bd.php' for inclusion (include_path='.;C:\php\pear') in C:\Winginx\home\kinoafishka.ru\public_html\index.php on line 8
[13-Dec-2020 07:56:21 UTC] PHP Fatal error:  Uncaught Error: Call to a member function query() on null in C:\Winginx\home\kinoafishka.ru\public_html\index.php:113
Stack trace:
#0 {main}
  thrown in C:\Winginx\home\kinoafishka.ru\public_html\index.php on line 113
[13-Dec-2020 07:56:22 UTC] PHP Warning:  include(/php/bd.php): failed to open stream: No such file or directory in C:\Winginx\home\kinoafishka.ru\public_html\index.php on line 8
[13-Dec-2020 07:56:22 UTC] PHP Warning:  include(): Failed opening '/php/bd.php' for inclusion (include_path='.;C:\php\pear') in C:\Winginx\home\kinoafishka.ru\public_html\index.php on line 8
[13-Dec-2020 07:56:22 UTC] PHP Fatal error:  Uncaught Error: Call to a member function query() on null in C:\Winginx\home\kinoafishka.ru\public_html\index.php:113
Stack trace:
#0 {main}
  thrown in C:\Winginx\home\kinoafishka.ru\public_html\index.php on line 113
[13-Dec-2020 07:56:38 UTC] PHP Warning:  include(/php/bd.php): failed to open stream: No such file or directory in C:\Winginx\home\kinoafishka.ru\public_html\index.php on line 8
[13-Dec-2020 07:56:38 UTC] PHP Warning:  include(): Failed opening '/php/bd.php' for inclusion (include_path='.;C:\php\pear') in C:\Winginx\home\kinoafishka.ru\public_html\index.php on line 8
[13-Dec-2020 07:56:38 UTC] PHP Fatal error:  Uncaught Error: Call to a member function query() on null in C:\Winginx\home\kinoafishka.ru\public_html\index.php:113
Stack trace:
#0 {main}
  thrown in C:\Winginx\home\kinoafishka.ru\public_html\index.php on line 113
[13-Dec-2020 07:56:38 UTC] PHP Warning:  include(/php/bd.php): failed to open stream: No such file or directory in C:\Winginx\home\kinoafishka.ru\public_html\index.php on line 8
[13-Dec-2020 07:56:38 UTC] PHP Warning:  include(): Failed opening '/php/bd.php' for inclusion (include_path='.;C:\php\pear') in C:\Winginx\home\kinoafishka.ru\public_html\index.php on line 8
[13-Dec-2020 07:56:38 UTC] PHP Fatal error:  Uncaught Error: Call to a member function query() on null in C:\Winginx\home\kinoafishka.ru\public_html\index.php:113
Stack trace:
#0 {main}
  thrown in C:\Winginx\home\kinoafishka.ru\public_html\index.php on line 113
[13-Dec-2020 07:56:47 UTC] PHP Warning:  include(/bd.php): failed to open stream: No such file or directory in C:\Winginx\home\kinoafishka.ru\public_html\index.php on line 8
[13-Dec-2020 07:56:47 UTC] PHP Warning:  include(): Failed opening '/bd.php' for inclusion (include_path='.;C:\php\pear') in C:\Winginx\home\kinoafishka.ru\public_html\index.php on line 8
[13-Dec-2020 07:56:47 UTC] PHP Fatal error:  Uncaught Error: Call to a member function query() on null in C:\Winginx\home\kinoafishka.ru\public_html\index.php:113
Stack trace:
#0 {main}
  thrown in C:\Winginx\home\kinoafishka.ru\public_html\index.php on line 113
[13-Dec-2020 07:56:48 UTC] PHP Warning:  include(/bd.php): failed to open stream: No such file or directory in C:\Winginx\home\kinoafishka.ru\public_html\index.php on line 8
[13-Dec-2020 07:56:48 UTC] PHP Warning:  include(): Failed opening '/bd.php' for inclusion (include_path='.;C:\php\pear') in C:\Winginx\home\kinoafishka.ru\public_html\index.php on line 8
[13-Dec-2020 07:56:48 UTC] PHP Fatal error:  Uncaught Error: Call to a member function query() on null in C:\Winginx\home\kinoafishka.ru\public_html\index.php:113
Stack trace:
#0 {main}
  thrown in C:\Winginx\home\kinoafishka.ru\public_html\index.php on line 113
[13-Dec-2020 07:56:54 UTC] PHP Fatal error:  Uncaught Error: Call to a member function query() on null in C:\Winginx\home\kinoafishka.ru\public_html\index.php:113
Stack trace:
#0 {main}
  thrown in C:\Winginx\home\kinoafishka.ru\public_html\index.php on line 113
[13-Dec-2020 08:11:54 UTC] PHP Parse error:  syntax error, unexpected '$qr' (T_VARIABLE), expecting ',' or ';' in C:\Winginx\home\kinoafishka.ru\public_html\bd.php on line 11
[13-Dec-2020 08:12:19 UTC] PHP Parse error:  syntax error, unexpected '$qr' (T_VARIABLE), expecting ',' or ';' in C:\Winginx\home\kinoafishka.ru\public_html\bd.php on line 11
[13-Dec-2020 08:33:16 UTC] PHP Warning:  include(bd.php): failed to open stream: No such file or directory in C:\Winginx\home\kinoafishka.ru\public_html\index.php on line 6
[13-Dec-2020 08:33:16 UTC] PHP Warning:  include(): Failed opening 'bd.php' for inclusion (include_path='.;C:\php\pear') in C:\Winginx\home\kinoafishka.ru\public_html\index.php on line 6
[13-Dec-2020 08:33:16 UTC] PHP Warning:  include(header.php): failed to open stream: No such file or directory in C:\Winginx\home\kinoafishka.ru\public_html\index.php on line 20
[13-Dec-2020 08:33:16 UTC] PHP Warning:  include(): Failed opening 'header.php' for inclusion (include_path='.;C:\php\pear') in C:\Winginx\home\kinoafishka.ru\public_html\index.php on line 20
[13-Dec-2020 08:33:16 UTC] PHP Fatal error:  Uncaught Error: Call to undefined function get_film_name() in C:\Winginx\home\kinoafishka.ru\public_html\index.php:91
Stack trace:
#0 {main}
  thrown in C:\Winginx\home\kinoafishka.ru\public_html\index.php on line 91
[13-Dec-2020 08:33:30 UTC] PHP Warning:  include(bd.php): failed to open stream: No such file or directory in C:\Winginx\home\kinoafishka.ru\public_html\index.php on line 6
[13-Dec-2020 08:33:30 UTC] PHP Warning:  include(): Failed opening 'bd.php' for inclusion (include_path='.;c:\php\includes') in C:\Winginx\home\kinoafishka.ru\public_html\index.php on line 6
[13-Dec-2020 08:33:30 UTC] PHP Warning:  include(header.php): failed to open stream: No such file or directory in C:\Winginx\home\kinoafishka.ru\public_html\index.php on line 20
[13-Dec-2020 08:33:30 UTC] PHP Warning:  include(): Failed opening 'header.php' for inclusion (include_path='.;c:\php\includes') in C:\Winginx\home\kinoafishka.ru\public_html\index.php on line 20
[13-Dec-2020 08:33:30 UTC] PHP Fatal error:  Uncaught Error: Call to undefined function get_film_name() in C:\Winginx\home\kinoafishka.ru\public_html\index.php:91
Stack trace:
#0 {main}
  thrown in C:\Winginx\home\kinoafishka.ru\public_html\index.php on line 91
[13-Dec-2020 08:33:32 UTC] PHP Warning:  include(bd.php): failed to open stream: No such file or directory in C:\Winginx\home\kinoafishka.ru\public_html\index.php on line 6
[13-Dec-2020 08:33:32 UTC] PHP Warning:  include(): Failed opening 'bd.php' for inclusion (include_path='.;c:\php\includes') in C:\Winginx\home\kinoafishka.ru\public_html\index.php on line 6
[13-Dec-2020 08:33:32 UTC] PHP Warning:  include(header.php): failed to open stream: No such file or directory in C:\Winginx\home\kinoafishka.ru\public_html\index.php on line 20
[13-Dec-2020 08:33:32 UTC] PHP Warning:  include(): Failed opening 'header.php' for inclusion (include_path='.;c:\php\includes') in C:\Winginx\home\kinoafishka.ru\public_html\index.php on line 20
[13-Dec-2020 08:33:32 UTC] PHP Fatal error:  Uncaught Error: Call to undefined function get_film_name() in C:\Winginx\home\kinoafishka.ru\public_html\index.php:91
Stack trace:
#0 {main}
  thrown in C:\Winginx\home\kinoafishka.ru\public_html\index.php on line 91
[13-Dec-2020 08:34:11 UTC] PHP Warning:  include(bd.php): failed to open stream: No such file or directory in C:\Winginx\home\kinoafishka.ru\public_html\index.php on line 6
[13-Dec-2020 08:34:11 UTC] PHP Warning:  include(): Failed opening 'bd.php' for inclusion (include_path='.;c:\php\includes') in C:\Winginx\home\kinoafishka.ru\public_html\index.php on line 6
[13-Dec-2020 08:34:11 UTC] PHP Warning:  include(header.php): failed to open stream: No such file or directory in C:\Winginx\home\kinoafishka.ru\public_html\index.php on line 20
[13-Dec-2020 08:34:11 UTC] PHP Warning:  include(): Failed opening 'header.php' for inclusion (include_path='.;c:\php\includes') in C:\Winginx\home\kinoafishka.ru\public_html\index.php on line 20
[13-Dec-2020 08:34:11 UTC] PHP Fatal error:  Uncaught Error: Call to undefined function get_film_name() in C:\Winginx\home\kinoafishka.ru\public_html\index.php:91
Stack trace:
#0 {main}
  thrown in C:\Winginx\home\kinoafishka.ru\public_html\index.php on line 91
[13-Dec-2020 08:34:17 UTC] PHP Warning:  include(bd.php): failed to open stream: No such file or directory in C:\Winginx\home\kinoafishka.ru\public_html\index.php on line 6
[13-Dec-2020 08:34:17 UTC] PHP Warning:  include(): Failed opening 'bd.php' for inclusion (include_path='.;c:\Winginx\php71\php\includes') in C:\Winginx\home\kinoafishka.ru\public_html\index.php on line 6
[13-Dec-2020 08:34:17 UTC] PHP Warning:  include(header.php): failed to open stream: No such file or directory in C:\Winginx\home\kinoafishka.ru\public_html\index.php on line 20
[13-Dec-2020 08:34:17 UTC] PHP Warning:  include(): Failed opening 'header.php' for inclusion (include_path='.;c:\Winginx\php71\php\includes') in C:\Winginx\home\kinoafishka.ru\public_html\index.php on line 20
[13-Dec-2020 08:34:17 UTC] PHP Fatal error:  Uncaught Error: Call to undefined function get_film_name() in C:\Winginx\home\kinoafishka.ru\public_html\index.php:91
Stack trace:
#0 {main}
  thrown in C:\Winginx\home\kinoafishka.ru\public_html\index.php on line 91
[13-Dec-2020 08:34:32 UTC] PHP Warning:  include(bd.php): failed to open stream: No such file or directory in C:\Winginx\home\kinoafishka.ru\public_html\index.php on line 6
[13-Dec-2020 08:34:32 UTC] PHP Warning:  include(): Failed opening 'bd.php' for inclusion (include_path='c:\Winginx\php71\php\includes') in C:\Winginx\home\kinoafishka.ru\public_html\index.php on line 6
[13-Dec-2020 08:34:32 UTC] PHP Warning:  include(header.php): failed to open stream: No such file or directory in C:\Winginx\home\kinoafishka.ru\public_html\index.php on line 20
[13-Dec-2020 08:34:32 UTC] PHP Warning:  include(): Failed opening 'header.php' for inclusion (include_path='c:\Winginx\php71\php\includes') in C:\Winginx\home\kinoafishka.ru\public_html\index.php on line 20
[13-Dec-2020 08:34:32 UTC] PHP Fatal error:  Uncaught Error: Call to undefined function get_film_name() in C:\Winginx\home\kinoafishka.ru\public_html\index.php:91
Stack trace:
#0 {main}
  thrown in C:\Winginx\home\kinoafishka.ru\public_html\index.php on line 91
[13-Dec-2020 08:34:33 UTC] PHP Warning:  include(bd.php): failed to open stream: No such file or directory in C:\Winginx\home\kinoafishka.ru\public_html\index.php on line 6
[13-Dec-2020 08:34:33 UTC] PHP Warning:  include(): Failed opening 'bd.php' for inclusion (include_path='c:\Winginx\php71\php\includes') in C:\Winginx\home\kinoafishka.ru\public_html\index.php on line 6
[13-Dec-2020 08:34:33 UTC] PHP Warning:  include(header.php): failed to open stream: No such file or directory in C:\Winginx\home\kinoafishka.ru\public_html\index.php on line 20
[13-Dec-2020 08:34:33 UTC] PHP Warning:  include(): Failed opening 'header.php' for inclusion (include_path='c:\Winginx\php71\php\includes') in C:\Winginx\home\kinoafishka.ru\public_html\index.php on line 20
[13-Dec-2020 08:34:33 UTC] PHP Fatal error:  Uncaught Error: Call to undefined function get_film_name() in C:\Winginx\home\kinoafishka.ru\public_html\index.php:91
Stack trace:
#0 {main}
  thrown in C:\Winginx\home\kinoafishka.ru\public_html\index.php on line 91
[13-Dec-2020 08:34:33 UTC] PHP Warning:  include(bd.php): failed to open stream: No such file or directory in C:\Winginx\home\kinoafishka.ru\public_html\index.php on line 6
[13-Dec-2020 08:34:33 UTC] PHP Warning:  include(): Failed opening 'bd.php' for inclusion (include_path='c:\Winginx\php71\php\includes') in C:\Winginx\home\kinoafishka.ru\public_html\index.php on line 6
[13-Dec-2020 08:34:33 UTC] PHP Warning:  include(header.php): failed to open stream: No such file or directory in C:\Winginx\home\kinoafishka.ru\public_html\index.php on line 20
[13-Dec-2020 08:34:33 UTC] PHP Warning:  include(): Failed opening 'header.php' for inclusion (include_path='c:\Winginx\php71\php\includes') in C:\Winginx\home\kinoafishka.ru\public_html\index.php on line 20
[13-Dec-2020 08:34:33 UTC] PHP Fatal error:  Uncaught Error: Call to undefined function get_film_name() in C:\Winginx\home\kinoafishka.ru\public_html\index.php:91
Stack trace:
#0 {main}
  thrown in C:\Winginx\home\kinoafishka.ru\public_html\index.php on line 91
[19-Dec-2020 08:47:14 UTC] PHP Parse error:  syntax error, unexpected 'dropdown' (T_STRING), expecting ',' or ';' in C:\Winginx\home\kinoafishka.ru\public_html\includes\header.php on line 24
[19-Dec-2020 08:47:14 UTC] PHP Parse error:  syntax error, unexpected 'dropdown' (T_STRING), expecting ',' or ';' in C:\Winginx\home\kinoafishka.ru\public_html\includes\header.php on line 24
[19-Dec-2020 08:47:54 UTC] PHP Parse error:  syntax error, unexpected 'get_genre_name' (T_STRING), expecting ',' or ';' in C:\Winginx\home\kinoafishka.ru\public_html\includes\header.php on line 24
[19-Dec-2020 08:48:26 UTC] PHP Parse error:  syntax error, unexpected 'get_genre_name' (T_STRING), expecting ',' or ';' in C:\Winginx\home\kinoafishka.ru\public_html\includes\header.php on line 24
[19-Dec-2020 08:49:17 UTC] PHP Warning:  mysqli_fetch_array() expects parameter 1 to be mysqli_result, boolean given in C:\Winginx\home\kinoafishka.ru\public_html\includes\bd.php on line 73
[19-Dec-2020 08:50:50 UTC] PHP Warning:  mysqli_fetch_array() expects parameter 1 to be mysqli_result, boolean given in C:\Winginx\home\kinoafishka.ru\public_html\includes\bd.php on line 73
[19-Dec-2020 08:51:11 UTC] PHP Warning:  mysqli_fetch_array() expects parameter 1 to be mysqli_result, boolean given in C:\Winginx\home\kinoafishka.ru\public_html\includes\bd.php on line 73
[19-Dec-2020 08:52:15 UTC] PHP Warning:  mysqli_fetch_array() expects parameter 1 to be mysqli_result, boolean given in C:\Winginx\home\kinoafishka.ru\public_html\includes\bd.php on line 73
[19-Dec-2020 08:53:35 UTC] PHP Warning:  mysqli_fetch_array() expects parameter 1 to be mysqli_result, boolean given in C:\Winginx\home\kinoafishka.ru\public_html\includes\bd.php on line 73
[19-Dec-2020 09:04:04 UTC] PHP Warning:  mysqli_fetch_array() expects parameter 1 to be mysqli_result, boolean given in C:\Winginx\home\kinoafishka.ru\public_html\includes\bd.php on line 73
[19-Dec-2020 09:04:10 UTC] PHP Warning:  mysqli_fetch_array() expects parameter 1 to be mysqli_result, boolean given in C:\Winginx\home\kinoafishka.ru\public_html\includes\bd.php on line 73
[19-Dec-2020 12:00:25 UTC] PHP Warning:  mysqli_fetch_array() expects parameter 1 to be mysqli_result, boolean given in C:\Winginx\home\kinoafishka.ru\public_html\includes\bd.php on line 73
[19-Dec-2020 12:02:53 UTC] PHP Warning:  mysqli_fetch_array() expects parameter 1 to be mysqli_result, boolean given in C:\Winginx\home\kinoafishka.ru\public_html\includes\bd.php on line 73
[19-Dec-2020 12:07:00 UTC] PHP Warning:  mysqli_fetch_array() expects parameter 1 to be mysqli_result, boolean given in C:\Winginx\home\kinoafishka.ru\public_html\includes\bd.php on line 73
[19-Dec-2020 12:07:48 UTC] PHP Warning:  mysqli_fetch_array() expects parameter 1 to be mysqli_result, boolean given in C:\Winginx\home\kinoafishka.ru\public_html\includes\bd.php on line 73
[19-Dec-2020 12:07:48 UTC] PHP Warning:  mysqli_fetch_array() expects parameter 1 to be mysqli_result, boolean given in C:\Winginx\home\kinoafishka.ru\public_html\includes\bd.php on line 73
[19-Dec-2020 12:08:40 UTC] PHP Warning:  mysqli_fetch_array() expects parameter 1 to be mysqli_result, boolean given in C:\Winginx\home\kinoafishka.ru\public_html\includes\bd.php on line 73
[19-Dec-2020 12:08:44 UTC] PHP Warning:  mysqli_fetch_array() expects parameter 1 to be mysqli_result, boolean given in C:\Winginx\home\kinoafishka.ru\public_html\includes\bd.php on line 73
[19-Dec-2020 12:08:52 UTC] PHP Warning:  mysqli_fetch_array() expects parameter 1 to be mysqli_result, boolean given in C:\Winginx\home\kinoafishka.ru\public_html\includes\bd.php on line 73
[19-Dec-2020 12:10:31 UTC] PHP Warning:  mysqli_fetch_array() expects parameter 1 to be mysqli_result, boolean given in C:\Winginx\home\kinoafishka.ru\public_html\includes\bd.php on line 73
[19-Dec-2020 12:10:56 UTC] PHP Warning:  mysqli_fetch_array() expects parameter 1 to be mysqli_result, boolean given in C:\Winginx\home\kinoafishka.ru\public_html\includes\bd.php on line 73
[19-Dec-2020 12:10:59 UTC] PHP Warning:  mysqli_fetch_array() expects parameter 1 to be mysqli_result, boolean given in C:\Winginx\home\kinoafishka.ru\public_html\includes\bd.php on line 73
[19-Dec-2020 12:11:03 UTC] PHP Warning:  mysqli_fetch_array() expects parameter 1 to be mysqli_result, boolean given in C:\Winginx\home\kinoafishka.ru\public_html\includes\bd.php on line 73
[19-Dec-2020 13:00:18 UTC] PHP Warning:  mysqli_fetch_array() expects parameter 1 to be mysqli_result, boolean given in C:\Winginx\home\kinoafishka.ru\public_html\includes\bd.php on line 73
[19-Dec-2020 13:00:20 UTC] PHP Warning:  mysqli_fetch_array() expects parameter 1 to be mysqli_result, boolean given in C:\Winginx\home\kinoafishka.ru\public_html\includes\bd.php on line 73
[19-Dec-2020 13:00:38 UTC] PHP Warning:  mysqli_fetch_array() expects parameter 1 to be mysqli_result, boolean given in C:\Winginx\home\kinoafishka.ru\public_html\includes\bd.php on line 73
[19-Dec-2020 13:00:39 UTC] PHP Warning:  mysqli_fetch_array() expects parameter 1 to be mysqli_result, boolean given in C:\Winginx\home\kinoafishka.ru\public_html\includes\bd.php on line 73
[19-Dec-2020 13:00:59 UTC] PHP Warning:  mysqli_fetch_array() expects parameter 1 to be mysqli_result, boolean given in C:\Winginx\home\kinoafishka.ru\public_html\includes\bd.php on line 73
[19-Dec-2020 13:00:59 UTC] PHP Warning:  mysqli_fetch_array() expects parameter 1 to be mysqli_result, boolean given in C:\Winginx\home\kinoafishka.ru\public_html\includes\bd.php on line 73
[19-Dec-2020 13:03:16 UTC] PHP Warning:  mysqli_fetch_array() expects parameter 1 to be mysqli_result, boolean given in C:\Winginx\home\kinoafishka.ru\public_html\includes\bd.php on line 73
[19-Dec-2020 13:03:23 UTC] PHP Warning:  mysqli_fetch_array() expects parameter 1 to be mysqli_result, boolean given in C:\Winginx\home\kinoafishka.ru\public_html\includes\bd.php on line 73
[19-Dec-2020 13:05:03 UTC] PHP Warning:  mysqli_fetch_array() expects parameter 1 to be mysqli_result, boolean given in C:\Winginx\home\kinoafishka.ru\public_html\includes\bd.php on line 73
[19-Dec-2020 13:05:22 UTC] PHP Warning:  mysqli_fetch_array() expects parameter 1 to be mysqli_result, boolean given in C:\Winginx\home\kinoafishka.ru\public_html\includes\bd.php on line 73
[19-Dec-2020 13:08:52 UTC] PHP Warning:  mysqli_fetch_array() expects parameter 1 to be mysqli_result, boolean given in C:\Winginx\home\kinoafishka.ru\public_html\includes\bd.php on line 73
[19-Dec-2020 13:09:55 UTC] PHP Warning:  mysqli_fetch_array() expects parameter 1 to be mysqli_result, boolean given in C:\Winginx\home\kinoafishka.ru\public_html\includes\bd.php on line 73
[19-Dec-2020 13:10:13 UTC] PHP Warning:  mysqli_fetch_array() expects parameter 1 to be mysqli_result, boolean given in C:\Winginx\home\kinoafishka.ru\public_html\includes\bd.php on line 73
[19-Dec-2020 13:10:17 UTC] PHP Warning:  mysqli_fetch_array() expects parameter 1 to be mysqli_result, boolean given in C:\Winginx\home\kinoafishka.ru\public_html\includes\bd.php on line 73
[19-Dec-2020 13:16:22 UTC] PHP Warning:  mysqli_fetch_array() expects parameter 1 to be mysqli_result, boolean given in C:\Winginx\home\kinoafishka.ru\public_html\includes\bd.php on line 73
[19-Dec-2020 13:20:32 UTC] PHP Warning:  mysqli_fetch_array() expects parameter 1 to be mysqli_result, boolean given in C:\Winginx\home\kinoafishka.ru\public_html\includes\bd.php on line 73
[19-Dec-2020 13:22:13 UTC] PHP Warning:  mysqli_fetch_array() expects parameter 1 to be mysqli_result, boolean given in C:\Winginx\home\kinoafishka.ru\public_html\includes\bd.php on line 73
[20-Dec-2020 17:12:53 UTC] PHP Fatal error:  Uncaught mysqli_sql_exception: Unknown column 'fg' in 'where clause' in C:\Winginx\home\kinoafishka.ru\public_html\includes\bd.php:86
Stack trace:
#0 C:\Winginx\home\kinoafishka.ru\public_html\includes\bd.php(86): mysqli->query('SELECT id FROM ...')
#1 C:\Winginx\home\kinoafishka.ru\public_html\includes\header.php(34): search('fg')
#2 C:\Winginx\home\kinoafishka.ru\public_html\index.php(20): include('C:\\Winginx\\home...')
#3 {main}
  thrown in C:\Winginx\home\kinoafishka.ru\public_html\includes\bd.php on line 86
[20-Dec-2020 17:14:48 UTC] PHP Fatal error:  Uncaught Error: Call to a member function fetch_row() on boolean in C:\Winginx\home\kinoafishka.ru\public_html\includes\bd.php:84
Stack trace:
#0 C:\Winginx\home\kinoafishka.ru\public_html\includes\header.php(34): search('fg')
#1 C:\Winginx\home\kinoafishka.ru\public_html\index.php(20): include('C:\\Winginx\\home...')
#2 {main}
  thrown in C:\Winginx\home\kinoafishka.ru\public_html\includes\bd.php on line 84
[20-Dec-2020 17:22:21 UTC] PHP Fatal error:  Uncaught Error: Call to a member function fetch_row() on boolean in C:\Winginx\home\kinoafishka.ru\public_html\includes\bd.php:84
Stack trace:
#0 C:\Winginx\home\kinoafishka.ru\public_html\includes\header.php(34): search('xcv')
#1 C:\Winginx\home\kinoafishka.ru\public_html\index.php(20): include('C:\\Winginx\\home...')
#2 {main}
  thrown in C:\Winginx\home\kinoafishka.ru\public_html\includes\bd.php on line 84
[20-Dec-2020 17:44:08 UTC] PHP Warning:  mysqli_fetch_array() expects parameter 1 to be mysqli_result, boolean given in C:\Winginx\home\kinoafishka.ru\public_html\includes\bd.php on line 84
[20-Dec-2020 17:44:10 UTC] PHP Warning:  mysqli_fetch_array() expects parameter 1 to be mysqli_result, boolean given in C:\Winginx\home\kinoafishka.ru\public_html\includes\bd.php on line 84
[20-Dec-2020 17:51:20 UTC] PHP Warning:  mysqli_fetch_array() expects parameter 1 to be mysqli_result, boolean given in C:\Winginx\home\kinoafishka.ru\public_html\includes\bd.php on line 84
[20-Dec-2020 17:52:32 UTC] PHP Warning:  mysqli_fetch_array() expects parameter 1 to be mysqli_result, boolean given in C:\Winginx\home\kinoafishka.ru\public_html\includes\bd.php on line 84
[20-Dec-2020 18:00:30 UTC] PHP Warning:  A non-numeric value encountered in C:\Winginx\home\kinoafishka.ru\public_html\includes\header.php on line 37
[20-Dec-2020 18:01:50 UTC] PHP Parse error:  syntax error, unexpected '$id' (T_VARIABLE), expecting ',' or ')' in C:\Winginx\home\kinoafishka.ru\public_html\includes\header.php on line 37
[20-Dec-2020 18:25:41 UTC] PHP Fatal error:  Cannot redeclare get_film_genre() (previously declared in C:\Winginx\home\kinoafishka.ru\public_html\includes\bd.php:47) in C:\Winginx\home\kinoafishka.ru\public_html\includes\bd.php on line 75
[20-Dec-2020 18:25:41 UTC] PHP Fatal error:  Cannot redeclare get_film_genre() (previously declared in C:\Winginx\home\kinoafishka.ru\public_html\includes\bd.php:47) in C:\Winginx\home\kinoafishka.ru\public_html\includes\bd.php on line 75
[13-Apr-2021 12:52:47 UTC] PHP Warning:  include(bd.php): failed to open stream: No such file or directory in D:\Winginx\home\kinoafishka.ru\public_html\index.php on line 6
[13-Apr-2021 12:52:47 UTC] PHP Warning:  include(): Failed opening 'bd.php' for inclusion (include_path='.;c:\Winginx\home\kinoafishka.ru\public_html\includes') in D:\Winginx\home\kinoafishka.ru\public_html\index.php on line 6
[13-Apr-2021 12:52:47 UTC] PHP Warning:  include(header.php): failed to open stream: No such file or directory in D:\Winginx\home\kinoafishka.ru\public_html\index.php on line 20
[13-Apr-2021 12:52:47 UTC] PHP Warning:  include(): Failed opening 'header.php' for inclusion (include_path='.;c:\Winginx\home\kinoafishka.ru\public_html\includes') in D:\Winginx\home\kinoafishka.ru\public_html\index.php on line 20
[13-Apr-2021 12:52:47 UTC] PHP Fatal error:  Uncaught Error: Call to undefined function get_film_name() in D:\Winginx\home\kinoafishka.ru\public_html\index.php:70
Stack trace:
#0 {main}
  thrown in D:\Winginx\home\kinoafishka.ru\public_html\index.php on line 70
[13-Apr-2021 12:55:47 UTC] PHP Warning:  include(/includes/bd.php): failed to open stream: No such file or directory in D:\Winginx\home\kinoafishka.ru\public_html\index.php on line 6
[13-Apr-2021 12:55:47 UTC] PHP Warning:  include(): Failed opening '/includes/bd.php' for inclusion (include_path='.;c:\Winginx\home\kinoafishka.ru\public_html\includes') in D:\Winginx\home\kinoafishka.ru\public_html\index.php on line 6
[13-Apr-2021 12:55:47 UTC] PHP Warning:  include(header.php): failed to open stream: No such file or directory in D:\Winginx\home\kinoafishka.ru\public_html\index.php on line 20
[13-Apr-2021 12:55:47 UTC] PHP Warning:  include(): Failed opening 'header.php' for inclusion (include_path='.;c:\Winginx\home\kinoafishka.ru\public_html\includes') in D:\Winginx\home\kinoafishka.ru\public_html\index.php on line 20
[13-Apr-2021 12:55:47 UTC] PHP Fatal error:  Uncaught Error: Call to undefined function get_film_name() in D:\Winginx\home\kinoafishka.ru\public_html\index.php:70
Stack trace:
#0 {main}
  thrown in D:\Winginx\home\kinoafishka.ru\public_html\index.php on line 70
[13-Apr-2021 12:56:24 UTC] PHP Warning:  include(header.php): failed to open stream: No such file or directory in D:\Winginx\home\kinoafishka.ru\public_html\index.php on line 20
[13-Apr-2021 12:56:24 UTC] PHP Warning:  include(): Failed opening 'header.php' for inclusion (include_path='.;c:\Winginx\home\kinoafishka.ru\public_html\includes') in D:\Winginx\home\kinoafishka.ru\public_html\index.php on line 20
[13-Apr-2021 12:56:34 UTC] PHP Warning:  include(\includes\bd.php): failed to open stream: No such file or directory in D:\Winginx\home\kinoafishka.ru\public_html\index.php on line 6
[13-Apr-2021 12:56:34 UTC] PHP Warning:  include(): Failed opening '\includes\bd.php' for inclusion (include_path='.;c:\Winginx\home\kinoafishka.ru\public_html\includes') in D:\Winginx\home\kinoafishka.ru\public_html\index.php on line 6
[13-Apr-2021 12:56:34 UTC] PHP Warning:  include(header.php): failed to open stream: No such file or directory in D:\Winginx\home\kinoafishka.ru\public_html\index.php on line 20
[13-Apr-2021 12:56:34 UTC] PHP Warning:  include(): Failed opening 'header.php' for inclusion (include_path='.;c:\Winginx\home\kinoafishka.ru\public_html\includes') in D:\Winginx\home\kinoafishka.ru\public_html\index.php on line 20
[13-Apr-2021 12:56:34 UTC] PHP Fatal error:  Uncaught Error: Call to undefined function get_film_name() in D:\Winginx\home\kinoafishka.ru\public_html\index.php:70
Stack trace:
#0 {main}
  thrown in D:\Winginx\home\kinoafishka.ru\public_html\index.php on line 70
[13-Apr-2021 12:56:34 UTC] PHP Warning:  include(\includes\bd.php): failed to open stream: No such file or directory in D:\Winginx\home\kinoafishka.ru\public_html\index.php on line 6
[13-Apr-2021 12:56:34 UTC] PHP Warning:  include(): Failed opening '\includes\bd.php' for inclusion (include_path='.;c:\Winginx\home\kinoafishka.ru\public_html\includes') in D:\Winginx\home\kinoafishka.ru\public_html\index.php on line 6
[13-Apr-2021 12:56:34 UTC] PHP Warning:  include(header.php): failed to open stream: No such file or directory in D:\Winginx\home\kinoafishka.ru\public_html\index.php on line 20
[13-Apr-2021 12:56:34 UTC] PHP Warning:  include(): Failed opening 'header.php' for inclusion (include_path='.;c:\Winginx\home\kinoafishka.ru\public_html\includes') in D:\Winginx\home\kinoafishka.ru\public_html\index.php on line 20
[13-Apr-2021 12:56:34 UTC] PHP Fatal error:  Uncaught Error: Call to undefined function get_film_name() in D:\Winginx\home\kinoafishka.ru\public_html\index.php:70
Stack trace:
#0 {main}
  thrown in D:\Winginx\home\kinoafishka.ru\public_html\index.php on line 70
[13-Apr-2021 12:58:38 UTC] PHP Warning:  include(\\INCLUDES\BD.PHP): failed to open stream: No such file or directory in D:\Winginx\home\kinoafishka.ru\public_html\index.php on line 6
[13-Apr-2021 12:58:38 UTC] PHP Warning:  include(\\INCLUDES\BD.PHP): failed to open stream: No such file or directory in D:\Winginx\home\kinoafishka.ru\public_html\index.php on line 6
[13-Apr-2021 12:58:38 UTC] PHP Warning:  include(): Failed opening '//includes/bd.php' for inclusion (include_path='.;c:\Winginx\home\kinoafishka.ru\public_html\includes') in D:\Winginx\home\kinoafishka.ru\public_html\index.php on line 6
[13-Apr-2021 12:58:38 UTC] PHP Warning:  include(): Failed opening '//includes/bd.php' for inclusion (include_path='.;c:\Winginx\home\kinoafishka.ru\public_html\includes') in D:\Winginx\home\kinoafishka.ru\public_html\index.php on line 6
[13-Apr-2021 12:58:38 UTC] PHP Warning:  include(header.php): failed to open stream: No such file or directory in D:\Winginx\home\kinoafishka.ru\public_html\index.php on line 20
[13-Apr-2021 12:58:38 UTC] PHP Warning:  include(header.php): failed to open stream: No such file or directory in D:\Winginx\home\kinoafishka.ru\public_html\index.php on line 20
[13-Apr-2021 12:58:38 UTC] PHP Warning:  include(): Failed opening 'header.php' for inclusion (include_path='.;c:\Winginx\home\kinoafishka.ru\public_html\includes') in D:\Winginx\home\kinoafishka.ru\public_html\index.php on line 20
[13-Apr-2021 12:58:38 UTC] PHP Warning:  include(): Failed opening 'header.php' for inclusion (include_path='.;c:\Winginx\home\kinoafishka.ru\public_html\includes') in D:\Winginx\home\kinoafishka.ru\public_html\index.php on line 20
[13-Apr-2021 12:58:38 UTC] PHP Fatal error:  Uncaught Error: Call to undefined function get_film_name() in D:\Winginx\home\kinoafishka.ru\public_html\index.php:70
Stack trace:
#0 {main}
  thrown in D:\Winginx\home\kinoafishka.ru\public_html\index.php on line 70
[13-Apr-2021 12:58:38 UTC] PHP Fatal error:  Uncaught Error: Call to undefined function get_film_name() in D:\Winginx\home\kinoafishka.ru\public_html\index.php:70
Stack trace:
#0 {main}
  thrown in D:\Winginx\home\kinoafishka.ru\public_html\index.php on line 70
[13-Apr-2021 12:58:40 UTC] PHP Warning:  include(\\INCLUDES\BD.PHP): failed to open stream: No such file or directory in D:\Winginx\home\kinoafishka.ru\public_html\index.php on line 6
[13-Apr-2021 12:58:40 UTC] PHP Warning:  include(): Failed opening '//includes/bd.php' for inclusion (include_path='.;c:\Winginx\home\kinoafishka.ru\public_html\includes') in D:\Winginx\home\kinoafishka.ru\public_html\index.php on line 6
[13-Apr-2021 12:58:40 UTC] PHP Warning:  include(header.php): failed to open stream: No such file or directory in D:\Winginx\home\kinoafishka.ru\public_html\index.php on line 20
[13-Apr-2021 12:58:40 UTC] PHP Warning:  include(): Failed opening 'header.php' for inclusion (include_path='.;c:\Winginx\home\kinoafishka.ru\public_html\includes') in D:\Winginx\home\kinoafishka.ru\public_html\index.php on line 20
[13-Apr-2021 12:58:40 UTC] PHP Fatal error:  Uncaught Error: Call to undefined function get_film_name() in D:\Winginx\home\kinoafishka.ru\public_html\index.php:70
Stack trace:
#0 {main}
  thrown in D:\Winginx\home\kinoafishka.ru\public_html\index.php on line 70
[13-Apr-2021 12:59:37 UTC] PHP Warning:  include(//kinoafishka.ru/includes/bd.php): failed to open stream: Invalid argument in D:\Winginx\home\kinoafishka.ru\public_html\index.php on line 6
[13-Apr-2021 12:59:37 UTC] PHP Warning:  include(): Failed opening '//kinoafishka.ru/includes/bd.php' for inclusion (include_path='.;c:\Winginx\home\kinoafishka.ru\public_html\includes') in D:\Winginx\home\kinoafishka.ru\public_html\index.php on line 6
[13-Apr-2021 12:59:37 UTC] PHP Warning:  include(header.php): failed to open stream: No such file or directory in D:\Winginx\home\kinoafishka.ru\public_html\index.php on line 20
[13-Apr-2021 12:59:37 UTC] PHP Warning:  include(): Failed opening 'header.php' for inclusion (include_path='.;c:\Winginx\home\kinoafishka.ru\public_html\includes') in D:\Winginx\home\kinoafishka.ru\public_html\index.php on line 20
[13-Apr-2021 12:59:37 UTC] PHP Fatal error:  Uncaught Error: Call to undefined function get_film_name() in D:\Winginx\home\kinoafishka.ru\public_html\index.php:70
Stack trace:
#0 {main}
  thrown in D:\Winginx\home\kinoafishka.ru\public_html\index.php on line 70
[13-Apr-2021 12:59:39 UTC] PHP Warning:  include(//kinoafishka.ru/includes/bd.php): failed to open stream: Invalid argument in D:\Winginx\home\kinoafishka.ru\public_html\index.php on line 6
[13-Apr-2021 12:59:39 UTC] PHP Warning:  include(): Failed opening '//kinoafishka.ru/includes/bd.php' for inclusion (include_path='.;c:\Winginx\home\kinoafishka.ru\public_html\includes') in D:\Winginx\home\kinoafishka.ru\public_html\index.php on line 6
[13-Apr-2021 12:59:39 UTC] PHP Warning:  include(header.php): failed to open stream: No such file or directory in D:\Winginx\home\kinoafishka.ru\public_html\index.php on line 20
[13-Apr-2021 12:59:39 UTC] PHP Warning:  include(): Failed opening 'header.php' for inclusion (include_path='.;c:\Winginx\home\kinoafishka.ru\public_html\includes') in D:\Winginx\home\kinoafishka.ru\public_html\index.php on line 20
[13-Apr-2021 12:59:39 UTC] PHP Fatal error:  Uncaught Error: Call to undefined function get_film_name() in D:\Winginx\home\kinoafishka.ru\public_html\index.php:70
Stack trace:
#0 {main}
  thrown in D:\Winginx\home\kinoafishka.ru\public_html\index.php on line 70
[13-Apr-2021 13:00:18 UTC] PHP Warning:  include(/includes/bd.php): failed to open stream: No such file or directory in D:\Winginx\home\kinoafishka.ru\public_html\index.php on line 6
[13-Apr-2021 13:00:18 UTC] PHP Warning:  include(): Failed opening '/includes/bd.php' for inclusion (include_path='.;c:\Winginx\home\kinoafishka.ru\public_html\includes') in D:\Winginx\home\kinoafishka.ru\public_html\index.php on line 6
[13-Apr-2021 13:00:18 UTC] PHP Warning:  include(header.php): failed to open stream: No such file or directory in D:\Winginx\home\kinoafishka.ru\public_html\index.php on line 20
[13-Apr-2021 13:00:18 UTC] PHP Warning:  include(): Failed opening 'header.php' for inclusion (include_path='.;c:\Winginx\home\kinoafishka.ru\public_html\includes') in D:\Winginx\home\kinoafishka.ru\public_html\index.php on line 20
[13-Apr-2021 13:00:18 UTC] PHP Fatal error:  Uncaught Error: Call to undefined function get_film_name() in D:\Winginx\home\kinoafishka.ru\public_html\index.php:70
Stack trace:
#0 {main}
  thrown in D:\Winginx\home\kinoafishka.ru\public_html\index.php on line 70
[13-Apr-2021 13:00:19 UTC] PHP Warning:  include(/includes/bd.php): failed to open stream: No such file or directory in D:\Winginx\home\kinoafishka.ru\public_html\index.php on line 6
[13-Apr-2021 13:00:19 UTC] PHP Warning:  include(): Failed opening '/includes/bd.php' for inclusion (include_path='.;c:\Winginx\home\kinoafishka.ru\public_html\includes') in D:\Winginx\home\kinoafishka.ru\public_html\index.php on line 6
[13-Apr-2021 13:00:19 UTC] PHP Warning:  include(header.php): failed to open stream: No such file or directory in D:\Winginx\home\kinoafishka.ru\public_html\index.php on line 20
[13-Apr-2021 13:00:19 UTC] PHP Warning:  include(): Failed opening 'header.php' for inclusion (include_path='.;c:\Winginx\home\kinoafishka.ru\public_html\includes') in D:\Winginx\home\kinoafishka.ru\public_html\index.php on line 20
[13-Apr-2021 13:00:19 UTC] PHP Fatal error:  Uncaught Error: Call to undefined function get_film_name() in D:\Winginx\home\kinoafishka.ru\public_html\index.php:70
Stack trace:
#0 {main}
  thrown in D:\Winginx\home\kinoafishka.ru\public_html\index.php on line 70
[13-Apr-2021 13:00:26 UTC] PHP Warning:  include(../includes/bd.php): failed to open stream: No such file or directory in D:\Winginx\home\kinoafishka.ru\public_html\index.php on line 6
[13-Apr-2021 13:00:26 UTC] PHP Warning:  include(): Failed opening '../includes/bd.php' for inclusion (include_path='.;c:\Winginx\home\kinoafishka.ru\public_html\includes') in D:\Winginx\home\kinoafishka.ru\public_html\index.php on line 6
[13-Apr-2021 13:00:26 UTC] PHP Warning:  include(header.php): failed to open stream: No such file or directory in D:\Winginx\home\kinoafishka.ru\public_html\index.php on line 20
[13-Apr-2021 13:00:26 UTC] PHP Warning:  include(): Failed opening 'header.php' for inclusion (include_path='.;c:\Winginx\home\kinoafishka.ru\public_html\includes') in D:\Winginx\home\kinoafishka.ru\public_html\index.php on line 20
[13-Apr-2021 13:00:26 UTC] PHP Fatal error:  Uncaught Error: Call to undefined function get_film_name() in D:\Winginx\home\kinoafishka.ru\public_html\index.php:70
Stack trace:
#0 {main}
  thrown in D:\Winginx\home\kinoafishka.ru\public_html\index.php on line 70
[13-Apr-2021 13:00:26 UTC] PHP Warning:  include(../includes/bd.php): failed to open stream: No such file or directory in D:\Winginx\home\kinoafishka.ru\public_html\index.php on line 6
[13-Apr-2021 13:00:26 UTC] PHP Warning:  include(): Failed opening '../includes/bd.php' for inclusion (include_path='.;c:\Winginx\home\kinoafishka.ru\public_html\includes') in D:\Winginx\home\kinoafishka.ru\public_html\index.php on line 6
[13-Apr-2021 13:00:26 UTC] PHP Warning:  include(header.php): failed to open stream: No such file or directory in D:\Winginx\home\kinoafishka.ru\public_html\index.php on line 20
[13-Apr-2021 13:00:26 UTC] PHP Warning:  include(): Failed opening 'header.php' for inclusion (include_path='.;c:\Winginx\home\kinoafishka.ru\public_html\includes') in D:\Winginx\home\kinoafishka.ru\public_html\index.php on line 20
[13-Apr-2021 13:00:26 UTC] PHP Fatal error:  Uncaught Error: Call to undefined function get_film_name() in D:\Winginx\home\kinoafishka.ru\public_html\index.php:70
Stack trace:
#0 {main}
  thrown in D:\Winginx\home\kinoafishka.ru\public_html\index.php on line 70
[13-Apr-2021 13:00:27 UTC] PHP Warning:  include(../includes/bd.php): failed to open stream: No such file or directory in D:\Winginx\home\kinoafishka.ru\public_html\index.php on line 6
[13-Apr-2021 13:00:27 UTC] PHP Warning:  include(): Failed opening '../includes/bd.php' for inclusion (include_path='.;c:\Winginx\home\kinoafishka.ru\public_html\includes') in D:\Winginx\home\kinoafishka.ru\public_html\index.php on line 6
[13-Apr-2021 13:00:27 UTC] PHP Warning:  include(header.php): failed to open stream: No such file or directory in D:\Winginx\home\kinoafishka.ru\public_html\index.php on line 20
[13-Apr-2021 13:00:27 UTC] PHP Warning:  include(): Failed opening 'header.php' for inclusion (include_path='.;c:\Winginx\home\kinoafishka.ru\public_html\includes') in D:\Winginx\home\kinoafishka.ru\public_html\index.php on line 20
[13-Apr-2021 13:00:27 UTC] PHP Fatal error:  Uncaught Error: Call to undefined function get_film_name() in D:\Winginx\home\kinoafishka.ru\public_html\index.php:70
Stack trace:
#0 {main}
  thrown in D:\Winginx\home\kinoafishka.ru\public_html\index.php on line 70
[13-Apr-2021 13:00:32 UTC] PHP Warning:  include(..//includes/bd.php): failed to open stream: No such file or directory in D:\Winginx\home\kinoafishka.ru\public_html\index.php on line 6
[13-Apr-2021 13:00:32 UTC] PHP Warning:  include(): Failed opening '..//includes/bd.php' for inclusion (include_path='.;c:\Winginx\home\kinoafishka.ru\public_html\includes') in D:\Winginx\home\kinoafishka.ru\public_html\index.php on line 6
[13-Apr-2021 13:00:32 UTC] PHP Warning:  include(header.php): failed to open stream: No such file or directory in D:\Winginx\home\kinoafishka.ru\public_html\index.php on line 20
[13-Apr-2021 13:00:32 UTC] PHP Warning:  include(): Failed opening 'header.php' for inclusion (include_path='.;c:\Winginx\home\kinoafishka.ru\public_html\includes') in D:\Winginx\home\kinoafishka.ru\public_html\index.php on line 20
[13-Apr-2021 13:00:32 UTC] PHP Fatal error:  Uncaught Error: Call to undefined function get_film_name() in D:\Winginx\home\kinoafishka.ru\public_html\index.php:70
Stack trace:
#0 {main}
  thrown in D:\Winginx\home\kinoafishka.ru\public_html\index.php on line 70
[13-Apr-2021 13:00:33 UTC] PHP Warning:  include(..//includes/bd.php): failed to open stream: No such file or directory in D:\Winginx\home\kinoafishka.ru\public_html\index.php on line 6
[13-Apr-2021 13:00:33 UTC] PHP Warning:  include(): Failed opening '..//includes/bd.php' for inclusion (include_path='.;c:\Winginx\home\kinoafishka.ru\public_html\includes') in D:\Winginx\home\kinoafishka.ru\public_html\index.php on line 6
[13-Apr-2021 13:00:33 UTC] PHP Warning:  include(header.php): failed to open stream: No such file or directory in D:\Winginx\home\kinoafishka.ru\public_html\index.php on line 20
[13-Apr-2021 13:00:33 UTC] PHP Warning:  include(): Failed opening 'header.php' for inclusion (include_path='.;c:\Winginx\home\kinoafishka.ru\public_html\includes') in D:\Winginx\home\kinoafishka.ru\public_html\index.php on line 20
[13-Apr-2021 13:00:33 UTC] PHP Fatal error:  Uncaught Error: Call to undefined function get_film_name() in D:\Winginx\home\kinoafishka.ru\public_html\index.php:70
Stack trace:
#0 {main}
  thrown in D:\Winginx\home\kinoafishka.ru\public_html\index.php on line 70
[13-Apr-2021 13:00:51 UTC] PHP Warning:  include(header.php): failed to open stream: No such file or directory in D:\Winginx\home\kinoafishka.ru\public_html\index.php on line 20
[13-Apr-2021 13:00:51 UTC] PHP Warning:  include(): Failed opening 'header.php' for inclusion (include_path='.;c:\Winginx\home\kinoafishka.ru\public_html\includes') in D:\Winginx\home\kinoafishka.ru\public_html\index.php on line 20
