[13-Dec-2020 08:28:01 UTC] PHP Parse error:  syntax error, unexpected '/' in C:\Winginx\home\kinoafishka.ru\public_html\other\cinema\cinema.php on line 20
[13-Dec-2020 08:28:14 UTC] PHP Parse error:  syntax error, unexpected '/' in C:\Winginx\home\kinoafishka.ru\public_html\other\cinema\cinema.php on line 20
[13-Dec-2020 08:28:42 UTC] PHP Warning:  include(bd.php): failed to open stream: No such file or directory in C:\Winginx\home\kinoafishka.ru\public_html\other\cinema\cinema.php on line 6
[13-Dec-2020 08:28:42 UTC] PHP Warning:  include(): Failed opening 'bd.php' for inclusion (include_path='.;C:\php\pear') in C:\Winginx\home\kinoafishka.ru\public_html\other\cinema\cinema.php on line 6
[13-Dec-2020 08:28:42 UTC] PHP Warning:  include(header.php): failed to open stream: No such file or directory in C:\Winginx\home\kinoafishka.ru\public_html\other\cinema\cinema.php on line 15
[13-Dec-2020 08:28:42 UTC] PHP Warning:  include(): Failed opening 'header.php' for inclusion (include_path='.;C:\php\pear') in C:\Winginx\home\kinoafishka.ru\public_html\other\cinema\cinema.php on line 15
[13-Dec-2020 08:28:42 UTC] PHP Fatal error:  Uncaught Error: Call to undefined function get_film_name() in C:\Winginx\home\kinoafishka.ru\public_html\other\cinema\cinema.php:20
Stack trace:
#0 {main}
  thrown in C:\Winginx\home\kinoafishka.ru\public_html\other\cinema\cinema.php on line 20
[13-Dec-2020 08:29:32 UTC] PHP Warning:  include(/bd.php): failed to open stream: No such file or directory in C:\Winginx\home\kinoafishka.ru\public_html\other\cinema\cinema.php on line 6
[13-Dec-2020 08:29:32 UTC] PHP Warning:  include(): Failed opening '/bd.php' for inclusion (include_path='.;C:\php\pear') in C:\Winginx\home\kinoafishka.ru\public_html\other\cinema\cinema.php on line 6
[13-Dec-2020 08:29:32 UTC] PHP Warning:  include(header.php): failed to open stream: No such file or directory in C:\Winginx\home\kinoafishka.ru\public_html\other\cinema\cinema.php on line 15
[13-Dec-2020 08:29:32 UTC] PHP Warning:  include(): Failed opening 'header.php' for inclusion (include_path='.;C:\php\pear') in C:\Winginx\home\kinoafishka.ru\public_html\other\cinema\cinema.php on line 15
[13-Dec-2020 08:29:32 UTC] PHP Fatal error:  Uncaught Error: Call to undefined function get_film_name() in C:\Winginx\home\kinoafishka.ru\public_html\other\cinema\cinema.php:20
Stack trace:
#0 {main}
  thrown in C:\Winginx\home\kinoafishka.ru\public_html\other\cinema\cinema.php on line 20
[13-Dec-2020 08:29:33 UTC] PHP Warning:  include(/bd.php): failed to open stream: No such file or directory in C:\Winginx\home\kinoafishka.ru\public_html\other\cinema\cinema.php on line 6
[13-Dec-2020 08:29:33 UTC] PHP Warning:  include(): Failed opening '/bd.php' for inclusion (include_path='.;C:\php\pear') in C:\Winginx\home\kinoafishka.ru\public_html\other\cinema\cinema.php on line 6
[13-Dec-2020 08:29:33 UTC] PHP Warning:  include(header.php): failed to open stream: No such file or directory in C:\Winginx\home\kinoafishka.ru\public_html\other\cinema\cinema.php on line 15
[13-Dec-2020 08:29:33 UTC] PHP Warning:  include(): Failed opening 'header.php' for inclusion (include_path='.;C:\php\pear') in C:\Winginx\home\kinoafishka.ru\public_html\other\cinema\cinema.php on line 15
[13-Dec-2020 08:29:33 UTC] PHP Fatal error:  Uncaught Error: Call to undefined function get_film_name() in C:\Winginx\home\kinoafishka.ru\public_html\other\cinema\cinema.php:20
Stack trace:
#0 {main}
  thrown in C:\Winginx\home\kinoafishka.ru\public_html\other\cinema\cinema.php on line 20
[13-Dec-2020 08:29:34 UTC] PHP Warning:  include(/bd.php): failed to open stream: No such file or directory in C:\Winginx\home\kinoafishka.ru\public_html\other\cinema\cinema.php on line 6
[13-Dec-2020 08:29:34 UTC] PHP Warning:  include(): Failed opening '/bd.php' for inclusion (include_path='.;C:\php\pear') in C:\Winginx\home\kinoafishka.ru\public_html\other\cinema\cinema.php on line 6
[13-Dec-2020 08:29:34 UTC] PHP Warning:  include(header.php): failed to open stream: No such file or directory in C:\Winginx\home\kinoafishka.ru\public_html\other\cinema\cinema.php on line 15
[13-Dec-2020 08:29:34 UTC] PHP Warning:  include(): Failed opening 'header.php' for inclusion (include_path='.;C:\php\pear') in C:\Winginx\home\kinoafishka.ru\public_html\other\cinema\cinema.php on line 15
[13-Dec-2020 08:29:34 UTC] PHP Fatal error:  Uncaught Error: Call to undefined function get_film_name() in C:\Winginx\home\kinoafishka.ru\public_html\other\cinema\cinema.php:20
Stack trace:
#0 {main}
  thrown in C:\Winginx\home\kinoafishka.ru\public_html\other\cinema\cinema.php on line 20
[13-Dec-2020 08:29:38 UTC] PHP Warning:  include(/bd.php): failed to open stream: No such file or directory in C:\Winginx\home\kinoafishka.ru\public_html\other\cinema\cinema.php on line 6
[13-Dec-2020 08:29:38 UTC] PHP Warning:  include(): Failed opening '/bd.php' for inclusion (include_path='.;C:\php\pear') in C:\Winginx\home\kinoafishka.ru\public_html\other\cinema\cinema.php on line 6
[13-Dec-2020 08:29:38 UTC] PHP Warning:  include(header.php): failed to open stream: No such file or directory in C:\Winginx\home\kinoafishka.ru\public_html\other\cinema\cinema.php on line 15
[13-Dec-2020 08:29:38 UTC] PHP Warning:  include(): Failed opening 'header.php' for inclusion (include_path='.;C:\php\pear') in C:\Winginx\home\kinoafishka.ru\public_html\other\cinema\cinema.php on line 15
[13-Dec-2020 08:29:38 UTC] PHP Fatal error:  Uncaught Error: Call to undefined function get_film_name() in C:\Winginx\home\kinoafishka.ru\public_html\other\cinema\cinema.php:20
Stack trace:
#0 {main}
  thrown in C:\Winginx\home\kinoafishka.ru\public_html\other\cinema\cinema.php on line 20
[13-Dec-2020 08:33:12 UTC] PHP Warning:  include(bd.php): failed to open stream: No such file or directory in C:\Winginx\home\kinoafishka.ru\public_html\other\cinema\cinema.php on line 6
[13-Dec-2020 08:33:12 UTC] PHP Warning:  include(): Failed opening 'bd.php' for inclusion (include_path='.;C:\php\pear') in C:\Winginx\home\kinoafishka.ru\public_html\other\cinema\cinema.php on line 6
[13-Dec-2020 08:33:12 UTC] PHP Warning:  include(header.php): failed to open stream: No such file or directory in C:\Winginx\home\kinoafishka.ru\public_html\other\cinema\cinema.php on line 15
[13-Dec-2020 08:33:12 UTC] PHP Warning:  include(): Failed opening 'header.php' for inclusion (include_path='.;C:\php\pear') in C:\Winginx\home\kinoafishka.ru\public_html\other\cinema\cinema.php on line 15
[13-Dec-2020 08:33:12 UTC] PHP Fatal error:  Uncaught Error: Call to undefined function get_film_name() in C:\Winginx\home\kinoafishka.ru\public_html\other\cinema\cinema.php:20
Stack trace:
#0 {main}
  thrown in C:\Winginx\home\kinoafishka.ru\public_html\other\cinema\cinema.php on line 20
[13-Dec-2020 09:01:27 UTC] PHP Fatal error:  Cannot redeclare get_film_trailer() (previously declared in C:\Winginx\home\kinoafishka.ru\public_html\includes\bd.php:23) in C:\Winginx\home\kinoafishka.ru\public_html\includes\bd.php on line 37
[18-Dec-2020 21:33:44 UTC] PHP Warning:  Invalid argument supplied for foreach() in C:\Winginx\home\kinoafishka.ru\public_html\includes\bd.php on line 18
[18-Dec-2020 21:33:44 UTC] PHP Warning:  Invalid argument supplied for foreach() in C:\Winginx\home\kinoafishka.ru\public_html\includes\bd.php on line 18
[18-Dec-2020 21:33:44 UTC] PHP Warning:  Invalid argument supplied for foreach() in C:\Winginx\home\kinoafishka.ru\public_html\includes\bd.php on line 26
[18-Dec-2020 21:33:44 UTC] PHP Warning:  Invalid argument supplied for foreach() in C:\Winginx\home\kinoafishka.ru\public_html\includes\bd.php on line 34
[19-Dec-2020 09:04:12 UTC] PHP Warning:  mysqli_fetch_array() expects parameter 1 to be mysqli_result, boolean given in C:\Winginx\home\kinoafishka.ru\public_html\includes\bd.php on line 73
[19-Dec-2020 09:04:12 UTC] PHP Warning:  mysqli_fetch_array() expects parameter 1 to be mysqli_result, boolean given in C:\Winginx\home\kinoafishka.ru\public_html\includes\bd.php on line 73
[19-Dec-2020 12:09:08 UTC] PHP Warning:  mysqli_fetch_array() expects parameter 1 to be mysqli_result, boolean given in C:\Winginx\home\kinoafishka.ru\public_html\includes\bd.php on line 73
[19-Dec-2020 12:10:53 UTC] PHP Warning:  mysqli_fetch_array() expects parameter 1 to be mysqli_result, boolean given in C:\Winginx\home\kinoafishka.ru\public_html\includes\bd.php on line 73
[19-Dec-2020 13:05:35 UTC] PHP Warning:  mysqli_fetch_array() expects parameter 1 to be mysqli_result, boolean given in C:\Winginx\home\kinoafishka.ru\public_html\includes\bd.php on line 73
[19-Dec-2020 13:07:50 UTC] PHP Warning:  mysqli_fetch_array() expects parameter 1 to be mysqli_result, boolean given in C:\Winginx\home\kinoafishka.ru\public_html\includes\bd.php on line 73
[19-Dec-2020 13:08:05 UTC] PHP Warning:  mysqli_fetch_array() expects parameter 1 to be mysqli_result, boolean given in C:\Winginx\home\kinoafishka.ru\public_html\includes\bd.php on line 73
[19-Dec-2020 13:08:40 UTC] PHP Warning:  mysqli_fetch_array() expects parameter 1 to be mysqli_result, boolean given in C:\Winginx\home\kinoafishka.ru\public_html\includes\bd.php on line 73
[19-Dec-2020 13:08:54 UTC] PHP Warning:  mysqli_fetch_array() expects parameter 1 to be mysqli_result, boolean given in C:\Winginx\home\kinoafishka.ru\public_html\includes\bd.php on line 73
[19-Dec-2020 13:09:58 UTC] PHP Warning:  mysqli_fetch_array() expects parameter 1 to be mysqli_result, boolean given in C:\Winginx\home\kinoafishka.ru\public_html\includes\bd.php on line 73
[19-Dec-2020 13:10:01 UTC] PHP Warning:  Invalid argument supplied for foreach() in C:\Winginx\home\kinoafishka.ru\public_html\includes\bd.php on line 18
[19-Dec-2020 13:10:01 UTC] PHP Warning:  mysqli_fetch_array() expects parameter 1 to be mysqli_result, boolean given in C:\Winginx\home\kinoafishka.ru\public_html\includes\bd.php on line 73
[19-Dec-2020 13:10:01 UTC] PHP Warning:  Invalid argument supplied for foreach() in C:\Winginx\home\kinoafishka.ru\public_html\includes\bd.php on line 18
[19-Dec-2020 13:10:01 UTC] PHP Warning:  Invalid argument supplied for foreach() in C:\Winginx\home\kinoafishka.ru\public_html\includes\bd.php on line 26
[19-Dec-2020 13:10:01 UTC] PHP Warning:  Invalid argument supplied for foreach() in C:\Winginx\home\kinoafishka.ru\public_html\includes\bd.php on line 34
[19-Dec-2020 13:10:16 UTC] PHP Warning:  mysqli_fetch_array() expects parameter 1 to be mysqli_result, boolean given in C:\Winginx\home\kinoafishka.ru\public_html\includes\bd.php on line 73
[19-Dec-2020 13:16:26 UTC] PHP Warning:  mysqli_fetch_array() expects parameter 1 to be mysqli_result, boolean given in C:\Winginx\home\kinoafishka.ru\public_html\includes\bd.php on line 73
[19-Dec-2020 13:16:30 UTC] PHP Warning:  mysqli_fetch_array() expects parameter 1 to be mysqli_result, boolean given in C:\Winginx\home\kinoafishka.ru\public_html\includes\bd.php on line 73
[19-Dec-2020 13:17:41 UTC] PHP Warning:  mysqli_fetch_array() expects parameter 1 to be mysqli_result, boolean given in C:\Winginx\home\kinoafishka.ru\public_html\includes\bd.php on line 73
[19-Dec-2020 13:18:06 UTC] PHP Warning:  mysqli_fetch_array() expects parameter 1 to be mysqli_result, boolean given in C:\Winginx\home\kinoafishka.ru\public_html\includes\bd.php on line 73
[19-Dec-2020 13:19:09 UTC] PHP Warning:  mysqli_fetch_array() expects parameter 1 to be mysqli_result, boolean given in C:\Winginx\home\kinoafishka.ru\public_html\includes\bd.php on line 73
[19-Dec-2020 13:19:13 UTC] PHP Warning:  mysqli_fetch_array() expects parameter 1 to be mysqli_result, boolean given in C:\Winginx\home\kinoafishka.ru\public_html\includes\bd.php on line 73
[19-Dec-2020 13:20:28 UTC] PHP Warning:  mysqli_fetch_array() expects parameter 1 to be mysqli_result, boolean given in C:\Winginx\home\kinoafishka.ru\public_html\includes\bd.php on line 73
[19-Dec-2020 13:20:35 UTC] PHP Warning:  mysqli_fetch_array() expects parameter 1 to be mysqli_result, boolean given in C:\Winginx\home\kinoafishka.ru\public_html\includes\bd.php on line 73
[19-Dec-2020 13:20:47 UTC] PHP Warning:  mysqli_fetch_array() expects parameter 1 to be mysqli_result, boolean given in C:\Winginx\home\kinoafishka.ru\public_html\includes\bd.php on line 73
[19-Dec-2020 13:22:16 UTC] PHP Warning:  mysqli_fetch_array() expects parameter 1 to be mysqli_result, boolean given in C:\Winginx\home\kinoafishka.ru\public_html\includes\bd.php on line 73
[19-Dec-2020 13:24:11 UTC] PHP Warning:  mysqli_fetch_array() expects parameter 1 to be mysqli_result, boolean given in C:\Winginx\home\kinoafishka.ru\public_html\includes\bd.php on line 73
[19-Dec-2020 13:24:18 UTC] PHP Warning:  mysqli_fetch_array() expects parameter 1 to be mysqli_result, boolean given in C:\Winginx\home\kinoafishka.ru\public_html\includes\bd.php on line 73
[19-Dec-2020 13:27:38 UTC] PHP Warning:  mysqli_fetch_array() expects parameter 1 to be mysqli_result, boolean given in C:\Winginx\home\kinoafishka.ru\public_html\includes\bd.php on line 73
[19-Dec-2020 13:28:19 UTC] PHP Warning:  mysqli_fetch_array() expects parameter 1 to be mysqli_result, boolean given in C:\Winginx\home\kinoafishka.ru\public_html\includes\bd.php on line 73
[19-Dec-2020 13:28:27 UTC] PHP Warning:  mysqli_fetch_array() expects parameter 1 to be mysqli_result, boolean given in C:\Winginx\home\kinoafishka.ru\public_html\includes\bd.php on line 73
[19-Dec-2020 13:33:27 UTC] PHP Warning:  mysqli_fetch_array() expects parameter 1 to be mysqli_result, boolean given in C:\Winginx\home\kinoafishka.ru\public_html\includes\bd.php on line 73
[19-Dec-2020 13:33:58 UTC] PHP Warning:  mysqli_fetch_array() expects parameter 1 to be mysqli_result, boolean given in C:\Winginx\home\kinoafishka.ru\public_html\includes\bd.php on line 73
[19-Dec-2020 13:34:03 UTC] PHP Warning:  mysqli_fetch_array() expects parameter 1 to be mysqli_result, boolean given in C:\Winginx\home\kinoafishka.ru\public_html\includes\bd.php on line 73
[19-Dec-2020 13:34:19 UTC] PHP Warning:  mysqli_fetch_array() expects parameter 1 to be mysqli_result, boolean given in C:\Winginx\home\kinoafishka.ru\public_html\includes\bd.php on line 73
[19-Dec-2020 13:34:27 UTC] PHP Warning:  mysqli_fetch_array() expects parameter 1 to be mysqli_result, boolean given in C:\Winginx\home\kinoafishka.ru\public_html\includes\bd.php on line 73
[19-Dec-2020 13:37:21 UTC] PHP Warning:  mysqli_fetch_array() expects parameter 1 to be mysqli_result, boolean given in C:\Winginx\home\kinoafishka.ru\public_html\includes\bd.php on line 73
[19-Dec-2020 13:37:29 UTC] PHP Warning:  mysqli_fetch_array() expects parameter 1 to be mysqli_result, boolean given in C:\Winginx\home\kinoafishka.ru\public_html\includes\bd.php on line 73
[19-Dec-2020 13:37:39 UTC] PHP Warning:  mysqli_fetch_array() expects parameter 1 to be mysqli_result, boolean given in C:\Winginx\home\kinoafishka.ru\public_html\includes\bd.php on line 73
[19-Dec-2020 13:38:10 UTC] PHP Warning:  mysqli_fetch_array() expects parameter 1 to be mysqli_result, boolean given in C:\Winginx\home\kinoafishka.ru\public_html\includes\bd.php on line 73
[19-Dec-2020 13:38:30 UTC] PHP Warning:  mysqli_fetch_array() expects parameter 1 to be mysqli_result, boolean given in C:\Winginx\home\kinoafishka.ru\public_html\includes\bd.php on line 73
[19-Dec-2020 13:39:18 UTC] PHP Warning:  mysqli_fetch_array() expects parameter 1 to be mysqli_result, boolean given in C:\Winginx\home\kinoafishka.ru\public_html\includes\bd.php on line 73
[19-Dec-2020 13:42:31 UTC] PHP Warning:  mysqli_fetch_array() expects parameter 1 to be mysqli_result, boolean given in C:\Winginx\home\kinoafishka.ru\public_html\includes\bd.php on line 73
[19-Dec-2020 13:42:39 UTC] PHP Warning:  mysqli_fetch_array() expects parameter 1 to be mysqli_result, boolean given in C:\Winginx\home\kinoafishka.ru\public_html\includes\bd.php on line 73
[19-Dec-2020 13:43:05 UTC] PHP Warning:  mysqli_fetch_array() expects parameter 1 to be mysqli_result, boolean given in C:\Winginx\home\kinoafishka.ru\public_html\includes\bd.php on line 73
[19-Dec-2020 13:43:18 UTC] PHP Warning:  mysqli_fetch_array() expects parameter 1 to be mysqli_result, boolean given in C:\Winginx\home\kinoafishka.ru\public_html\includes\bd.php on line 73
[19-Dec-2020 13:43:22 UTC] PHP Warning:  mysqli_fetch_array() expects parameter 1 to be mysqli_result, boolean given in C:\Winginx\home\kinoafishka.ru\public_html\includes\bd.php on line 73
[19-Dec-2020 13:43:27 UTC] PHP Warning:  mysqli_fetch_array() expects parameter 1 to be mysqli_result, boolean given in C:\Winginx\home\kinoafishka.ru\public_html\includes\bd.php on line 73
[19-Dec-2020 13:43:48 UTC] PHP Warning:  mysqli_fetch_array() expects parameter 1 to be mysqli_result, boolean given in C:\Winginx\home\kinoafishka.ru\public_html\includes\bd.php on line 73
[19-Dec-2020 13:43:56 UTC] PHP Warning:  mysqli_fetch_array() expects parameter 1 to be mysqli_result, boolean given in C:\Winginx\home\kinoafishka.ru\public_html\includes\bd.php on line 73
[19-Dec-2020 13:44:03 UTC] PHP Warning:  mysqli_fetch_array() expects parameter 1 to be mysqli_result, boolean given in C:\Winginx\home\kinoafishka.ru\public_html\includes\bd.php on line 73
[19-Dec-2020 13:44:08 UTC] PHP Warning:  mysqli_fetch_array() expects parameter 1 to be mysqli_result, boolean given in C:\Winginx\home\kinoafishka.ru\public_html\includes\bd.php on line 73
[19-Dec-2020 13:44:29 UTC] PHP Warning:  mysqli_fetch_array() expects parameter 1 to be mysqli_result, boolean given in C:\Winginx\home\kinoafishka.ru\public_html\includes\bd.php on line 73
[19-Dec-2020 13:44:36 UTC] PHP Warning:  mysqli_fetch_array() expects parameter 1 to be mysqli_result, boolean given in C:\Winginx\home\kinoafishka.ru\public_html\includes\bd.php on line 73
[19-Dec-2020 13:46:07 UTC] PHP Warning:  mysqli_fetch_array() expects parameter 1 to be mysqli_result, boolean given in C:\Winginx\home\kinoafishka.ru\public_html\includes\bd.php on line 73
[19-Dec-2020 13:46:12 UTC] PHP Warning:  mysqli_fetch_array() expects parameter 1 to be mysqli_result, boolean given in C:\Winginx\home\kinoafishka.ru\public_html\includes\bd.php on line 73
[19-Dec-2020 13:46:17 UTC] PHP Warning:  mysqli_fetch_array() expects parameter 1 to be mysqli_result, boolean given in C:\Winginx\home\kinoafishka.ru\public_html\includes\bd.php on line 73
[19-Dec-2020 13:46:56 UTC] PHP Warning:  mysqli_fetch_array() expects parameter 1 to be mysqli_result, boolean given in C:\Winginx\home\kinoafishka.ru\public_html\includes\bd.php on line 73
[19-Dec-2020 13:47:21 UTC] PHP Warning:  mysqli_fetch_array() expects parameter 1 to be mysqli_result, boolean given in C:\Winginx\home\kinoafishka.ru\public_html\includes\bd.php on line 73
[19-Dec-2020 13:49:48 UTC] PHP Warning:  mysqli_fetch_array() expects parameter 1 to be mysqli_result, boolean given in C:\Winginx\home\kinoafishka.ru\public_html\includes\bd.php on line 73
[19-Dec-2020 13:49:56 UTC] PHP Warning:  mysqli_fetch_array() expects parameter 1 to be mysqli_result, boolean given in C:\Winginx\home\kinoafishka.ru\public_html\includes\bd.php on line 73
[19-Dec-2020 13:56:29 UTC] PHP Warning:  mysqli_fetch_array() expects parameter 1 to be mysqli_result, boolean given in C:\Winginx\home\kinoafishka.ru\public_html\includes\bd.php on line 73
[19-Dec-2020 13:56:33 UTC] PHP Warning:  mysqli_fetch_array() expects parameter 1 to be mysqli_result, boolean given in C:\Winginx\home\kinoafishka.ru\public_html\includes\bd.php on line 73
[19-Dec-2020 13:57:20 UTC] PHP Warning:  mysqli_fetch_array() expects parameter 1 to be mysqli_result, boolean given in C:\Winginx\home\kinoafishka.ru\public_html\includes\bd.php on line 73
[19-Dec-2020 13:57:24 UTC] PHP Warning:  mysqli_fetch_array() expects parameter 1 to be mysqli_result, boolean given in C:\Winginx\home\kinoafishka.ru\public_html\includes\bd.php on line 73
[19-Dec-2020 13:58:24 UTC] PHP Warning:  Invalid argument supplied for foreach() in C:\Winginx\home\kinoafishka.ru\public_html\includes\bd.php on line 65
[19-Dec-2020 13:58:24 UTC] PHP Warning:  Invalid argument supplied for foreach() in C:\Winginx\home\kinoafishka.ru\public_html\includes\bd.php on line 65
[19-Dec-2020 13:58:24 UTC] PHP Warning:  Invalid argument supplied for foreach() in C:\Winginx\home\kinoafishka.ru\public_html\includes\bd.php on line 65
[20-Dec-2020 17:58:08 UTC] PHP Warning:  A non-numeric value encountered in C:\Winginx\home\kinoafishka.ru\public_html\includes\header.php on line 35
[20-Dec-2020 17:58:29 UTC] PHP Warning:  Invalid argument supplied for foreach() in C:\Winginx\home\kinoafishka.ru\public_html\includes\bd.php on line 18
[20-Dec-2020 17:58:29 UTC] PHP Warning:  Invalid argument supplied for foreach() in C:\Winginx\home\kinoafishka.ru\public_html\includes\bd.php on line 18
[20-Dec-2020 17:58:29 UTC] PHP Warning:  Invalid argument supplied for foreach() in C:\Winginx\home\kinoafishka.ru\public_html\includes\bd.php on line 26
[20-Dec-2020 17:58:29 UTC] PHP Warning:  Invalid argument supplied for foreach() in C:\Winginx\home\kinoafishka.ru\public_html\includes\bd.php on line 34
[20-Dec-2020 17:58:36 UTC] PHP Warning:  Invalid argument supplied for foreach() in C:\Winginx\home\kinoafishka.ru\public_html\includes\bd.php on line 18
[20-Dec-2020 17:58:36 UTC] PHP Warning:  A non-numeric value encountered in C:\Winginx\home\kinoafishka.ru\public_html\includes\header.php on line 35
[20-Dec-2020 17:58:40 UTC] PHP Warning:  Invalid argument supplied for foreach() in C:\Winginx\home\kinoafishka.ru\public_html\includes\bd.php on line 18
[20-Dec-2020 17:58:40 UTC] PHP Warning:  A non-numeric value encountered in C:\Winginx\home\kinoafishka.ru\public_html\includes\header.php on line 35
[20-Dec-2020 18:03:00 UTC] PHP Warning:  Invalid argument supplied for foreach() in C:\Winginx\home\kinoafishka.ru\public_html\includes\bd.php on line 18
[20-Dec-2020 18:03:00 UTC] PHP Warning:  Invalid argument supplied for foreach() in C:\Winginx\home\kinoafishka.ru\public_html\includes\bd.php on line 26
[20-Dec-2020 18:03:00 UTC] PHP Warning:  Invalid argument supplied for foreach() in C:\Winginx\home\kinoafishka.ru\public_html\includes\bd.php on line 34
[20-Dec-2020 18:03:00 UTC] PHP Warning:  Invalid argument supplied for foreach() in C:\Winginx\home\kinoafishka.ru\public_html\includes\bd.php on line 18
[20-Dec-2020 18:03:00 UTC] PHP Warning:  Invalid argument supplied for foreach() in C:\Winginx\home\kinoafishka.ru\public_html\includes\bd.php on line 18
[20-Dec-2020 18:03:00 UTC] PHP Warning:  Invalid argument supplied for foreach() in C:\Winginx\home\kinoafishka.ru\public_html\includes\bd.php on line 26
[20-Dec-2020 18:03:00 UTC] PHP Warning:  Invalid argument supplied for foreach() in C:\Winginx\home\kinoafishka.ru\public_html\includes\bd.php on line 34
[20-Dec-2020 18:04:08 UTC] PHP Warning:  Invalid argument supplied for foreach() in C:\Winginx\home\kinoafishka.ru\public_html\includes\bd.php on line 18
[20-Dec-2020 18:04:09 UTC] PHP Warning:  Invalid argument supplied for foreach() in C:\Winginx\home\kinoafishka.ru\public_html\includes\bd.php on line 18
[20-Dec-2020 18:04:09 UTC] PHP Warning:  Invalid argument supplied for foreach() in C:\Winginx\home\kinoafishka.ru\public_html\includes\bd.php on line 26
[20-Dec-2020 18:04:09 UTC] PHP Warning:  Invalid argument supplied for foreach() in C:\Winginx\home\kinoafishka.ru\public_html\includes\bd.php on line 34
[20-Dec-2020 18:04:10 UTC] PHP Warning:  Invalid argument supplied for foreach() in C:\Winginx\home\kinoafishka.ru\public_html\includes\bd.php on line 18
[20-Dec-2020 18:04:10 UTC] PHP Warning:  Invalid argument supplied for foreach() in C:\Winginx\home\kinoafishka.ru\public_html\includes\bd.php on line 26
[20-Dec-2020 18:04:10 UTC] PHP Warning:  Invalid argument supplied for foreach() in C:\Winginx\home\kinoafishka.ru\public_html\includes\bd.php on line 34
[20-Dec-2020 18:04:16 UTC] PHP Warning:  Invalid argument supplied for foreach() in C:\Winginx\home\kinoafishka.ru\public_html\includes\bd.php on line 18
[20-Dec-2020 18:04:16 UTC] PHP Warning:  Invalid argument supplied for foreach() in C:\Winginx\home\kinoafishka.ru\public_html\includes\bd.php on line 26
[20-Dec-2020 18:04:16 UTC] PHP Warning:  Invalid argument supplied for foreach() in C:\Winginx\home\kinoafishka.ru\public_html\includes\bd.php on line 34
[20-Dec-2020 18:04:54 UTC] PHP Warning:  Invalid argument supplied for foreach() in C:\Winginx\home\kinoafishka.ru\public_html\includes\bd.php on line 18
[20-Dec-2020 18:04:54 UTC] PHP Warning:  Invalid argument supplied for foreach() in C:\Winginx\home\kinoafishka.ru\public_html\includes\bd.php on line 26
[20-Dec-2020 18:04:54 UTC] PHP Warning:  Invalid argument supplied for foreach() in C:\Winginx\home\kinoafishka.ru\public_html\includes\bd.php on line 34
[20-Dec-2020 18:05:01 UTC] PHP Warning:  Invalid argument supplied for foreach() in C:\Winginx\home\kinoafishka.ru\public_html\includes\bd.php on line 18
[20-Dec-2020 18:05:02 UTC] PHP Warning:  Invalid argument supplied for foreach() in C:\Winginx\home\kinoafishka.ru\public_html\includes\bd.php on line 26
[20-Dec-2020 18:05:02 UTC] PHP Warning:  Invalid argument supplied for foreach() in C:\Winginx\home\kinoafishka.ru\public_html\includes\bd.php on line 34
[20-Dec-2020 18:05:15 UTC] PHP Warning:  Invalid argument supplied for foreach() in C:\Winginx\home\kinoafishka.ru\public_html\includes\bd.php on line 18
[20-Dec-2020 18:05:15 UTC] PHP Warning:  Invalid argument supplied for foreach() in C:\Winginx\home\kinoafishka.ru\public_html\includes\bd.php on line 26
[20-Dec-2020 18:05:16 UTC] PHP Warning:  Invalid argument supplied for foreach() in C:\Winginx\home\kinoafishka.ru\public_html\includes\bd.php on line 34
[20-Dec-2020 18:05:38 UTC] PHP Warning:  Invalid argument supplied for foreach() in C:\Winginx\home\kinoafishka.ru\public_html\includes\bd.php on line 18
[20-Dec-2020 18:05:38 UTC] PHP Warning:  Invalid argument supplied for foreach() in C:\Winginx\home\kinoafishka.ru\public_html\includes\bd.php on line 26
[20-Dec-2020 18:05:38 UTC] PHP Warning:  Invalid argument supplied for foreach() in C:\Winginx\home\kinoafishka.ru\public_html\includes\bd.php on line 34
[20-Dec-2020 18:05:50 UTC] PHP Warning:  Invalid argument supplied for foreach() in C:\Winginx\home\kinoafishka.ru\public_html\includes\bd.php on line 18
[20-Dec-2020 18:05:50 UTC] PHP Warning:  Invalid argument supplied for foreach() in C:\Winginx\home\kinoafishka.ru\public_html\includes\bd.php on line 26
[20-Dec-2020 18:05:50 UTC] PHP Warning:  Invalid argument supplied for foreach() in C:\Winginx\home\kinoafishka.ru\public_html\includes\bd.php on line 34
[13-Apr-2021 13:06:16 UTC] PHP Warning:  include(bd.php): failed to open stream: No such file or directory in D:\Winginx\home\kinoafishka.ru\public_html\other\cinema\cinema.php on line 7
[13-Apr-2021 13:06:16 UTC] PHP Warning:  include(): Failed opening 'bd.php' for inclusion (include_path='.;c:\Winginx\home\kinoafishka.ru\public_html\includes') in D:\Winginx\home\kinoafishka.ru\public_html\other\cinema\cinema.php on line 7
[13-Apr-2021 13:06:16 UTC] PHP Fatal error:  Uncaught Error: Call to undefined function get_film_name() in D:\Winginx\home\kinoafishka.ru\public_html\other\cinema\cinema.php:13
Stack trace:
#0 {main}
  thrown in D:\Winginx\home\kinoafishka.ru\public_html\other\cinema\cinema.php on line 13
[13-Apr-2021 13:06:18 UTC] PHP Warning:  include(bd.php): failed to open stream: No such file or directory in D:\Winginx\home\kinoafishka.ru\public_html\other\cinema\cinema.php on line 7
[13-Apr-2021 13:06:18 UTC] PHP Warning:  include(): Failed opening 'bd.php' for inclusion (include_path='.;c:\Winginx\home\kinoafishka.ru\public_html\includes') in D:\Winginx\home\kinoafishka.ru\public_html\other\cinema\cinema.php on line 7
[13-Apr-2021 13:06:18 UTC] PHP Fatal error:  Uncaught Error: Call to undefined function get_film_name() in D:\Winginx\home\kinoafishka.ru\public_html\other\cinema\cinema.php:13
Stack trace:
#0 {main}
  thrown in D:\Winginx\home\kinoafishka.ru\public_html\other\cinema\cinema.php on line 13
[13-Apr-2021 13:06:20 UTC] PHP Warning:  include(bd.php): failed to open stream: No such file or directory in D:\Winginx\home\kinoafishka.ru\public_html\other\cinema\cinema.php on line 7
[13-Apr-2021 13:06:20 UTC] PHP Warning:  include(): Failed opening 'bd.php' for inclusion (include_path='.;c:\Winginx\home\kinoafishka.ru\public_html\includes') in D:\Winginx\home\kinoafishka.ru\public_html\other\cinema\cinema.php on line 7
[13-Apr-2021 13:06:20 UTC] PHP Fatal error:  Uncaught Error: Call to undefined function get_film_name() in D:\Winginx\home\kinoafishka.ru\public_html\other\cinema\cinema.php:13
Stack trace:
#0 {main}
  thrown in D:\Winginx\home\kinoafishka.ru\public_html\other\cinema\cinema.php on line 13
[13-Apr-2021 13:07:24 UTC] PHP Warning:  include(header.php): failed to open stream: No such file or directory in D:\Winginx\home\kinoafishka.ru\public_html\other\cinema\cinema.php on line 16
[13-Apr-2021 13:07:24 UTC] PHP Warning:  include(): Failed opening 'header.php' for inclusion (include_path='.;c:\Winginx\home\kinoafishka.ru\public_html\includes') in D:\Winginx\home\kinoafishka.ru\public_html\other\cinema\cinema.php on line 16
