[12-Dec-2020 08:09:17 UTC] PHP Fatal error:  Class 'mysqli' not found in C:\Winginx\home\kinoafishka.ru\public_html\other\all_films\films.php on line 17
[12-Dec-2020 08:09:19 UTC] PHP Fatal error:  Class 'mysqli' not found in C:\Winginx\home\kinoafishka.ru\public_html\other\all_films\films.php on line 17
[12-Dec-2020 08:09:43 UTC] PHP Fatal error:  Class 'mysqli' not found in C:\Winginx\home\kinoafishka.ru\public_html\other\all_films\films.php on line 17
[18-Dec-2020 20:21:47 UTC] PHP Fatal error:  Uncaught Error: Call to a member function query() on null in C:\Winginx\home\kinoafishka.ru\public_html\includes\bd.php:57
Stack trace:
#0 C:\Winginx\home\kinoafishka.ru\public_html\other\all_films\films.php(22): get_film_count()
#1 {main}
  thrown in C:\Winginx\home\kinoafishka.ru\public_html\includes\bd.php on line 57
[18-Dec-2020 20:22:45 UTC] PHP Fatal error:  Uncaught Error: Call to a member function query() on null in C:\Winginx\home\kinoafishka.ru\public_html\includes\bd.php:57
Stack trace:
#0 C:\Winginx\home\kinoafishka.ru\public_html\other\all_films\films.php(22): get_film_count()
#1 {main}
  thrown in C:\Winginx\home\kinoafishka.ru\public_html\includes\bd.php on line 57
[18-Dec-2020 20:22:46 UTC] PHP Fatal error:  Uncaught Error: Call to a member function query() on null in C:\Winginx\home\kinoafishka.ru\public_html\includes\bd.php:57
Stack trace:
#0 C:\Winginx\home\kinoafishka.ru\public_html\other\all_films\films.php(22): get_film_count()
#1 {main}
  thrown in C:\Winginx\home\kinoafishka.ru\public_html\includes\bd.php on line 57
[18-Dec-2020 20:22:46 UTC] PHP Fatal error:  Uncaught Error: Call to a member function query() on null in C:\Winginx\home\kinoafishka.ru\public_html\includes\bd.php:57
Stack trace:
#0 C:\Winginx\home\kinoafishka.ru\public_html\other\all_films\films.php(22): get_film_count()
#1 {main}
  thrown in C:\Winginx\home\kinoafishka.ru\public_html\includes\bd.php on line 57
[18-Dec-2020 20:22:46 UTC] PHP Fatal error:  Uncaught Error: Call to a member function query() on null in C:\Winginx\home\kinoafishka.ru\public_html\includes\bd.php:57
Stack trace:
#0 C:\Winginx\home\kinoafishka.ru\public_html\other\all_films\films.php(22): get_film_count()
#1 {main}
  thrown in C:\Winginx\home\kinoafishka.ru\public_html\includes\bd.php on line 57
[18-Dec-2020 20:22:52 UTC] PHP Fatal error:  Uncaught Error: Call to a member function query() on null in C:\Winginx\home\kinoafishka.ru\public_html\includes\bd.php:57
Stack trace:
#0 C:\Winginx\home\kinoafishka.ru\public_html\other\all_films\films.php(22): get_film_count()
#1 {main}
  thrown in C:\Winginx\home\kinoafishka.ru\public_html\includes\bd.php on line 57
[18-Dec-2020 20:22:59 UTC] PHP Fatal error:  Uncaught Error: Call to a member function query() on null in C:\Winginx\home\kinoafishka.ru\public_html\includes\bd.php:57
Stack trace:
#0 C:\Winginx\home\kinoafishka.ru\public_html\other\all_films\films.php(22): get_film_count()
#1 {main}
  thrown in C:\Winginx\home\kinoafishka.ru\public_html\includes\bd.php on line 57
[18-Dec-2020 20:23:29 UTC] PHP Fatal error:  Uncaught Error: Call to a member function query() on null in C:\Winginx\home\kinoafishka.ru\public_html\includes\bd.php:56
Stack trace:
#0 C:\Winginx\home\kinoafishka.ru\public_html\other\all_films\films.php(22): get_film_count()
#1 {main}
  thrown in C:\Winginx\home\kinoafishka.ru\public_html\includes\bd.php on line 56
[18-Dec-2020 20:23:30 UTC] PHP Fatal error:  Uncaught Error: Call to a member function query() on null in C:\Winginx\home\kinoafishka.ru\public_html\includes\bd.php:56
Stack trace:
#0 C:\Winginx\home\kinoafishka.ru\public_html\other\all_films\films.php(22): get_film_count()
#1 {main}
  thrown in C:\Winginx\home\kinoafishka.ru\public_html\includes\bd.php on line 56
[18-Dec-2020 20:23:30 UTC] PHP Fatal error:  Uncaught Error: Call to a member function query() on null in C:\Winginx\home\kinoafishka.ru\public_html\includes\bd.php:56
Stack trace:
#0 C:\Winginx\home\kinoafishka.ru\public_html\other\all_films\films.php(22): get_film_count()
#1 {main}
  thrown in C:\Winginx\home\kinoafishka.ru\public_html\includes\bd.php on line 56
[18-Dec-2020 20:27:23 UTC] PHP Fatal error:  Uncaught Error: Call to a member function query() on null in C:\Winginx\home\kinoafishka.ru\public_html\includes\bd.php:56
Stack trace:
#0 C:\Winginx\home\kinoafishka.ru\public_html\other\all_films\films.php(22): get_film_count()
#1 {main}
  thrown in C:\Winginx\home\kinoafishka.ru\public_html\includes\bd.php on line 56
[18-Dec-2020 20:27:32 UTC] PHP Fatal error:  Uncaught Error: Call to a member function query() on null in C:\Winginx\home\kinoafishka.ru\public_html\includes\bd.php:56
Stack trace:
#0 C:\Winginx\home\kinoafishka.ru\public_html\other\all_films\films.php(22): get_film_count()
#1 {main}
  thrown in C:\Winginx\home\kinoafishka.ru\public_html\includes\bd.php on line 56
[18-Dec-2020 20:27:34 UTC] PHP Fatal error:  Uncaught Error: Call to a member function query() on null in C:\Winginx\home\kinoafishka.ru\public_html\includes\bd.php:56
Stack trace:
#0 C:\Winginx\home\kinoafishka.ru\public_html\other\all_films\films.php(22): get_film_count()
#1 {main}
  thrown in C:\Winginx\home\kinoafishka.ru\public_html\includes\bd.php on line 56
[18-Dec-2020 20:27:34 UTC] PHP Fatal error:  Uncaught Error: Call to a member function query() on null in C:\Winginx\home\kinoafishka.ru\public_html\includes\bd.php:56
Stack trace:
#0 C:\Winginx\home\kinoafishka.ru\public_html\other\all_films\films.php(22): get_film_count()
#1 {main}
  thrown in C:\Winginx\home\kinoafishka.ru\public_html\includes\bd.php on line 56
[18-Dec-2020 20:27:35 UTC] PHP Fatal error:  Uncaught Error: Call to a member function query() on null in C:\Winginx\home\kinoafishka.ru\public_html\includes\bd.php:56
Stack trace:
#0 C:\Winginx\home\kinoafishka.ru\public_html\other\all_films\films.php(22): get_film_count()
#1 {main}
  thrown in C:\Winginx\home\kinoafishka.ru\public_html\includes\bd.php on line 56
[18-Dec-2020 20:27:39 UTC] PHP Fatal error:  Uncaught Error: Call to a member function query() on null in C:\Winginx\home\kinoafishka.ru\public_html\includes\bd.php:56
Stack trace:
#0 C:\Winginx\home\kinoafishka.ru\public_html\other\all_films\films.php(22): get_film_count()
#1 {main}
  thrown in C:\Winginx\home\kinoafishka.ru\public_html\includes\bd.php on line 56
[18-Dec-2020 20:28:00 UTC] PHP Fatal error:  Uncaught Error: Call to a member function query() on null in C:\Winginx\home\kinoafishka.ru\public_html\includes\bd.php:56
Stack trace:
#0 C:\Winginx\home\kinoafishka.ru\public_html\other\all_films\films.php(22): get_film_count()
#1 {main}
  thrown in C:\Winginx\home\kinoafishka.ru\public_html\includes\bd.php on line 56
[18-Dec-2020 20:28:01 UTC] PHP Fatal error:  Uncaught Error: Call to a member function query() on null in C:\Winginx\home\kinoafishka.ru\public_html\includes\bd.php:56
Stack trace:
#0 C:\Winginx\home\kinoafishka.ru\public_html\other\all_films\films.php(22): get_film_count()
#1 {main}
  thrown in C:\Winginx\home\kinoafishka.ru\public_html\includes\bd.php on line 56
[18-Dec-2020 20:28:28 UTC] PHP Fatal error:  Uncaught Error: Call to a member function query() on null in C:\Winginx\home\kinoafishka.ru\public_html\includes\bd.php:56
Stack trace:
#0 C:\Winginx\home\kinoafishka.ru\public_html\other\all_films\films.php(22): get_film_count()
#1 {main}
  thrown in C:\Winginx\home\kinoafishka.ru\public_html\includes\bd.php on line 56
[18-Dec-2020 20:28:42 UTC] PHP Fatal error:  Uncaught Error: Call to a member function query() on null in C:\Winginx\home\kinoafishka.ru\public_html\includes\bd.php:57
Stack trace:
#0 C:\Winginx\home\kinoafishka.ru\public_html\other\all_films\films.php(22): get_film_count()
#1 {main}
  thrown in C:\Winginx\home\kinoafishka.ru\public_html\includes\bd.php on line 57
[18-Dec-2020 20:29:24 UTC] PHP Warning:  log() expects parameter 1 to be float, object given in C:\Winginx\home\kinoafishka.ru\public_html\includes\bd.php on line 58
[18-Dec-2020 20:29:24 UTC] PHP Warning:  log() expects parameter 1 to be float, object given in C:\Winginx\home\kinoafishka.ru\public_html\includes\bd.php on line 58
[18-Dec-2020 20:29:47 UTC] PHP Recoverable fatal error:  Object of class mysqli_result could not be converted to string in C:\Winginx\home\kinoafishka.ru\public_html\includes\bd.php on line 58
[19-Dec-2020 13:09:45 UTC] PHP Warning:  mysqli_fetch_array() expects parameter 1 to be mysqli_result, boolean given in C:\Winginx\home\kinoafishka.ru\public_html\includes\bd.php on line 73
[19-Dec-2020 13:10:09 UTC] PHP Warning:  mysqli_fetch_array() expects parameter 1 to be mysqli_result, boolean given in C:\Winginx\home\kinoafishka.ru\public_html\includes\bd.php on line 73
[19-Dec-2020 13:11:01 UTC] PHP Warning:  mysqli_fetch_array() expects parameter 1 to be mysqli_result, boolean given in C:\Winginx\home\kinoafishka.ru\public_html\includes\bd.php on line 73
[19-Dec-2020 13:13:54 UTC] PHP Warning:  mysqli_fetch_array() expects parameter 1 to be mysqli_result, boolean given in C:\Winginx\home\kinoafishka.ru\public_html\includes\bd.php on line 73
[19-Dec-2020 13:16:15 UTC] PHP Warning:  mysqli_fetch_array() expects parameter 1 to be mysqli_result, boolean given in C:\Winginx\home\kinoafishka.ru\public_html\includes\bd.php on line 73
[19-Dec-2020 13:16:28 UTC] PHP Warning:  mysqli_fetch_array() expects parameter 1 to be mysqli_result, boolean given in C:\Winginx\home\kinoafishka.ru\public_html\includes\bd.php on line 73
[19-Dec-2020 13:19:08 UTC] PHP Warning:  mysqli_fetch_array() expects parameter 1 to be mysqli_result, boolean given in C:\Winginx\home\kinoafishka.ru\public_html\includes\bd.php on line 73
[19-Dec-2020 13:19:12 UTC] PHP Warning:  mysqli_fetch_array() expects parameter 1 to be mysqli_result, boolean given in C:\Winginx\home\kinoafishka.ru\public_html\includes\bd.php on line 73
[19-Dec-2020 13:20:33 UTC] PHP Warning:  mysqli_fetch_array() expects parameter 1 to be mysqli_result, boolean given in C:\Winginx\home\kinoafishka.ru\public_html\includes\bd.php on line 73
[19-Dec-2020 13:22:14 UTC] PHP Warning:  mysqli_fetch_array() expects parameter 1 to be mysqli_result, boolean given in C:\Winginx\home\kinoafishka.ru\public_html\includes\bd.php on line 73
[19-Dec-2020 13:24:09 UTC] PHP Warning:  mysqli_fetch_array() expects parameter 1 to be mysqli_result, boolean given in C:\Winginx\home\kinoafishka.ru\public_html\includes\bd.php on line 73
[19-Dec-2020 13:24:16 UTC] PHP Warning:  mysqli_fetch_array() expects parameter 1 to be mysqli_result, boolean given in C:\Winginx\home\kinoafishka.ru\public_html\includes\bd.php on line 73
[19-Dec-2020 13:27:14 UTC] PHP Warning:  mysqli_fetch_array() expects parameter 1 to be mysqli_result, boolean given in C:\Winginx\home\kinoafishka.ru\public_html\includes\bd.php on line 73
[19-Dec-2020 13:27:36 UTC] PHP Warning:  mysqli_fetch_array() expects parameter 1 to be mysqli_result, boolean given in C:\Winginx\home\kinoafishka.ru\public_html\includes\bd.php on line 73
[19-Dec-2020 13:28:18 UTC] PHP Warning:  mysqli_fetch_array() expects parameter 1 to be mysqli_result, boolean given in C:\Winginx\home\kinoafishka.ru\public_html\includes\bd.php on line 73
[19-Dec-2020 13:28:25 UTC] PHP Warning:  mysqli_fetch_array() expects parameter 1 to be mysqli_result, boolean given in C:\Winginx\home\kinoafishka.ru\public_html\includes\bd.php on line 73
[19-Dec-2020 13:34:02 UTC] PHP Warning:  mysqli_fetch_array() expects parameter 1 to be mysqli_result, boolean given in C:\Winginx\home\kinoafishka.ru\public_html\includes\bd.php on line 73
[19-Dec-2020 13:34:26 UTC] PHP Warning:  mysqli_fetch_array() expects parameter 1 to be mysqli_result, boolean given in C:\Winginx\home\kinoafishka.ru\public_html\includes\bd.php on line 73
[19-Dec-2020 13:37:27 UTC] PHP Warning:  mysqli_fetch_array() expects parameter 1 to be mysqli_result, boolean given in C:\Winginx\home\kinoafishka.ru\public_html\includes\bd.php on line 73
[19-Dec-2020 13:39:24 UTC] PHP Warning:  mysqli_fetch_array() expects parameter 1 to be mysqli_result, boolean given in C:\Winginx\home\kinoafishka.ru\public_html\includes\bd.php on line 73
[19-Dec-2020 13:42:30 UTC] PHP Warning:  mysqli_fetch_array() expects parameter 1 to be mysqli_result, boolean given in C:\Winginx\home\kinoafishka.ru\public_html\includes\bd.php on line 73
[19-Dec-2020 13:43:21 UTC] PHP Warning:  mysqli_fetch_array() expects parameter 1 to be mysqli_result, boolean given in C:\Winginx\home\kinoafishka.ru\public_html\includes\bd.php on line 73
[19-Dec-2020 13:43:26 UTC] PHP Warning:  mysqli_fetch_array() expects parameter 1 to be mysqli_result, boolean given in C:\Winginx\home\kinoafishka.ru\public_html\includes\bd.php on line 73
[19-Dec-2020 13:43:55 UTC] PHP Warning:  mysqli_fetch_array() expects parameter 1 to be mysqli_result, boolean given in C:\Winginx\home\kinoafishka.ru\public_html\includes\bd.php on line 73
[19-Dec-2020 13:44:07 UTC] PHP Warning:  mysqli_fetch_array() expects parameter 1 to be mysqli_result, boolean given in C:\Winginx\home\kinoafishka.ru\public_html\includes\bd.php on line 73
[19-Dec-2020 13:44:25 UTC] PHP Warning:  mysqli_fetch_array() expects parameter 1 to be mysqli_result, boolean given in C:\Winginx\home\kinoafishka.ru\public_html\includes\bd.php on line 73
[19-Dec-2020 13:44:34 UTC] PHP Warning:  mysqli_fetch_array() expects parameter 1 to be mysqli_result, boolean given in C:\Winginx\home\kinoafishka.ru\public_html\includes\bd.php on line 73
[19-Dec-2020 13:46:11 UTC] PHP Warning:  mysqli_fetch_array() expects parameter 1 to be mysqli_result, boolean given in C:\Winginx\home\kinoafishka.ru\public_html\includes\bd.php on line 73
[19-Dec-2020 13:46:15 UTC] PHP Warning:  mysqli_fetch_array() expects parameter 1 to be mysqli_result, boolean given in C:\Winginx\home\kinoafishka.ru\public_html\includes\bd.php on line 73
[19-Dec-2020 13:54:08 UTC] PHP Warning:  mysqli_fetch_array() expects parameter 1 to be mysqli_result, boolean given in C:\Winginx\home\kinoafishka.ru\public_html\includes\bd.php on line 73
[19-Dec-2020 13:54:59 UTC] PHP Warning:  mysqli_fetch_array() expects parameter 1 to be mysqli_result, boolean given in C:\Winginx\home\kinoafishka.ru\public_html\includes\bd.php on line 73
[19-Dec-2020 13:56:28 UTC] PHP Warning:  mysqli_fetch_array() expects parameter 1 to be mysqli_result, boolean given in C:\Winginx\home\kinoafishka.ru\public_html\includes\bd.php on line 73
[19-Dec-2020 13:56:33 UTC] PHP Warning:  mysqli_fetch_array() expects parameter 1 to be mysqli_result, boolean given in C:\Winginx\home\kinoafishka.ru\public_html\includes\bd.php on line 73
[19-Dec-2020 13:56:38 UTC] PHP Warning:  mysqli_fetch_array() expects parameter 1 to be mysqli_result, boolean given in C:\Winginx\home\kinoafishka.ru\public_html\includes\bd.php on line 73
[19-Dec-2020 13:57:20 UTC] PHP Warning:  mysqli_fetch_array() expects parameter 1 to be mysqli_result, boolean given in C:\Winginx\home\kinoafishka.ru\public_html\includes\bd.php on line 73
[19-Dec-2020 13:57:23 UTC] PHP Warning:  mysqli_fetch_array() expects parameter 1 to be mysqli_result, boolean given in C:\Winginx\home\kinoafishka.ru\public_html\includes\bd.php on line 73
[20-Dec-2020 17:14:52 UTC] PHP Fatal error:  Uncaught Error: Call to a member function fetch_row() on boolean in C:\Winginx\home\kinoafishka.ru\public_html\includes\bd.php:84
Stack trace:
#0 C:\Winginx\home\kinoafishka.ru\public_html\includes\header.php(34): search('fg')
#1 C:\Winginx\home\kinoafishka.ru\public_html\other\all_films\films.php(14): include('C:\\Winginx\\home...')
#2 {main}
  thrown in C:\Winginx\home\kinoafishka.ru\public_html\includes\bd.php on line 84
[20-Dec-2020 17:15:29 UTC] PHP Fatal error:  Uncaught Error: Cannot use object of type mysqli_result as array in C:\Winginx\home\kinoafishka.ru\public_html\includes\bd.php:85
Stack trace:
#0 C:\Winginx\home\kinoafishka.ru\public_html\includes\header.php(34): search('fg')
#1 C:\Winginx\home\kinoafishka.ru\public_html\other\all_films\films.php(14): include('C:\\Winginx\\home...')
#2 {main}
  thrown in C:\Winginx\home\kinoafishka.ru\public_html\includes\bd.php on line 85
[20-Dec-2020 17:15:31 UTC] PHP Fatal error:  Uncaught Error: Cannot use object of type mysqli_result as array in C:\Winginx\home\kinoafishka.ru\public_html\includes\bd.php:85
Stack trace:
#0 C:\Winginx\home\kinoafishka.ru\public_html\includes\header.php(34): search('\xD0\xB5\xD1\x80')
#1 C:\Winginx\home\kinoafishka.ru\public_html\other\all_films\films.php(14): include('C:\\Winginx\\home...')
#2 {main}
  thrown in C:\Winginx\home\kinoafishka.ru\public_html\includes\bd.php on line 85
[20-Dec-2020 17:34:47 UTC] PHP Fatal error:  Uncaught Error: Call to a member function fetch_row() on boolean in C:\Winginx\home\kinoafishka.ru\public_html\includes\bd.php:84
Stack trace:
#0 C:\Winginx\home\kinoafishka.ru\public_html\includes\header.php(34): search('gh')
#1 C:\Winginx\home\kinoafishka.ru\public_html\other\all_films\films.php(14): include('C:\\Winginx\\home...')
#2 {main}
  thrown in C:\Winginx\home\kinoafishka.ru\public_html\includes\bd.php on line 84
[20-Dec-2020 17:35:09 UTC] PHP Fatal error:  Uncaught Error: Call to a member function fetch_row() on boolean in C:\Winginx\home\kinoafishka.ru\public_html\includes\bd.php:84
Stack trace:
#0 C:\Winginx\home\kinoafishka.ru\public_html\includes\header.php(34): search('\xD0\xA4\xD0\xBE\xD1\x80\xD1\x81\xD0\xB0\xD0\xB6')
#1 C:\Winginx\home\kinoafishka.ru\public_html\other\all_films\films.php(14): include('C:\\Winginx\\home...')
#2 {main}
  thrown in C:\Winginx\home\kinoafishka.ru\public_html\includes\bd.php on line 84
[20-Dec-2020 17:35:14 UTC] PHP Fatal error:  Uncaught Error: Call to a member function fetch_row() on boolean in C:\Winginx\home\kinoafishka.ru\public_html\includes\bd.php:84
Stack trace:
#0 C:\Winginx\home\kinoafishka.ru\public_html\includes\header.php(34): search('\xD0\x9C\xD1\x83\xD0\xBB\xD0\xB0\xD0\xBD')
#1 C:\Winginx\home\kinoafishka.ru\public_html\other\all_films\films.php(14): include('C:\\Winginx\\home...')
#2 {main}
  thrown in C:\Winginx\home\kinoafishka.ru\public_html\includes\bd.php on line 84
[20-Dec-2020 17:35:22 UTC] PHP Fatal error:  Uncaught Error: Call to a member function fetch_row() on boolean in C:\Winginx\home\kinoafishka.ru\public_html\includes\bd.php:84
Stack trace:
#0 C:\Winginx\home\kinoafishka.ru\public_html\includes\header.php(34): search('\xD0\xBC\xD1\x83\xD0\xBB\xD0\xB0\xD0\xBD')
#1 C:\Winginx\home\kinoafishka.ru\public_html\other\all_films\films.php(14): include('C:\\Winginx\\home...')
#2 {main}
  thrown in C:\Winginx\home\kinoafishka.ru\public_html\includes\bd.php on line 84
[20-Dec-2020 17:35:23 UTC] PHP Fatal error:  Uncaught Error: Call to a member function fetch_row() on boolean in C:\Winginx\home\kinoafishka.ru\public_html\includes\bd.php:84
Stack trace:
#0 C:\Winginx\home\kinoafishka.ru\public_html\includes\header.php(34): search('')
#1 C:\Winginx\home\kinoafishka.ru\public_html\other\all_films\films.php(14): include('C:\\Winginx\\home...')
#2 {main}
  thrown in C:\Winginx\home\kinoafishka.ru\public_html\includes\bd.php on line 84
[20-Dec-2020 17:35:48 UTC] PHP Fatal error:  Uncaught Error: Cannot use object of type mysqli_result as array in C:\Winginx\home\kinoafishka.ru\public_html\includes\bd.php:85
Stack trace:
#0 C:\Winginx\home\kinoafishka.ru\public_html\includes\header.php(34): search('1')
#1 C:\Winginx\home\kinoafishka.ru\public_html\other\all_films\films.php(14): include('C:\\Winginx\\home...')
#2 {main}
  thrown in C:\Winginx\home\kinoafishka.ru\public_html\includes\bd.php on line 85
[20-Dec-2020 17:38:02 UTC] PHP Fatal error:  Uncaught Error: Call to a member function fetch_row() on boolean in C:\Winginx\home\kinoafishka.ru\public_html\includes\bd.php:84
Stack trace:
#0 C:\Winginx\home\kinoafishka.ru\public_html\includes\header.php(34): search('\xD0\xA4\xD0\xBE\xD1\x80\xD1\x81\xD0\xB0\xD0\xB6')
#1 C:\Winginx\home\kinoafishka.ru\public_html\other\all_films\films.php(14): include('C:\\Winginx\\home...')
#2 {main}
  thrown in C:\Winginx\home\kinoafishka.ru\public_html\includes\bd.php on line 84
[20-Dec-2020 17:38:46 UTC] PHP Warning:  mysqli_fetch_array() expects parameter 1 to be mysqli_result, null given in C:\Winginx\home\kinoafishka.ru\public_html\includes\bd.php on line 84
[20-Dec-2020 17:39:42 UTC] PHP Warning:  mysqli_fetch_array() expects parameter 1 to be mysqli_result, boolean given in C:\Winginx\home\kinoafishka.ru\public_html\includes\bd.php on line 84
[20-Dec-2020 17:40:03 UTC] PHP Warning:  mysqli_fetch_array() expects parameter 1 to be mysqli_result, boolean given in C:\Winginx\home\kinoafishka.ru\public_html\includes\bd.php on line 84
[20-Dec-2020 17:40:06 UTC] PHP Warning:  mysqli_fetch_array() expects parameter 1 to be mysqli_result, boolean given in C:\Winginx\home\kinoafishka.ru\public_html\includes\bd.php on line 84
[20-Dec-2020 17:40:08 UTC] PHP Warning:  mysqli_fetch_array() expects parameter 1 to be mysqli_result, boolean given in C:\Winginx\home\kinoafishka.ru\public_html\includes\bd.php on line 84
[20-Dec-2020 17:40:33 UTC] PHP Warning:  mysqli_fetch_array() expects parameter 1 to be mysqli_result, boolean given in C:\Winginx\home\kinoafishka.ru\public_html\includes\bd.php on line 84
[20-Dec-2020 17:41:52 UTC] PHP Fatal error:  Uncaught Error: Call to undefined function fetch_row() in C:\Winginx\home\kinoafishka.ru\public_html\includes\bd.php:84
Stack trace:
#0 C:\Winginx\home\kinoafishka.ru\public_html\includes\header.php(34): search('f')
#1 C:\Winginx\home\kinoafishka.ru\public_html\other\all_films\films.php(14): include('C:\\Winginx\\home...')
#2 {main}
  thrown in C:\Winginx\home\kinoafishka.ru\public_html\includes\bd.php on line 84
[20-Dec-2020 17:43:06 UTC] PHP Parse error:  syntax error, unexpected 'Форсаж' (T_STRING), expecting ',' or ')' in C:\Winginx\home\kinoafishka.ru\public_html\includes\bd.php on line 83
[20-Dec-2020 17:45:27 UTC] PHP Warning:  mysqli_fetch_array() expects parameter 1 to be mysqli_result, boolean given in C:\Winginx\home\kinoafishka.ru\public_html\includes\bd.php on line 84
[20-Dec-2020 17:45:42 UTC] PHP Warning:  mysqli_fetch_array() expects parameter 1 to be mysqli_result, boolean given in C:\Winginx\home\kinoafishka.ru\public_html\includes\bd.php on line 84
[20-Dec-2020 17:45:45 UTC] PHP Warning:  mysqli_fetch_array() expects parameter 1 to be mysqli_result, boolean given in C:\Winginx\home\kinoafishka.ru\public_html\includes\bd.php on line 84
[20-Dec-2020 17:45:50 UTC] PHP Warning:  mysqli_fetch_array() expects parameter 1 to be mysqli_result, boolean given in C:\Winginx\home\kinoafishka.ru\public_html\includes\bd.php on line 84
[20-Dec-2020 17:46:01 UTC] PHP Warning:  mysqli_fetch_array() expects parameter 1 to be mysqli_result, boolean given in C:\Winginx\home\kinoafishka.ru\public_html\includes\bd.php on line 84
[20-Dec-2020 17:47:42 UTC] PHP Warning:  mysqli_fetch_array() expects parameter 1 to be mysqli_result, boolean given in C:\Winginx\home\kinoafishka.ru\public_html\includes\bd.php on line 84
[20-Dec-2020 17:47:44 UTC] PHP Warning:  mysqli_fetch_array() expects parameter 1 to be mysqli_result, boolean given in C:\Winginx\home\kinoafishka.ru\public_html\includes\bd.php on line 84
[20-Dec-2020 17:47:50 UTC] PHP Warning:  mysqli_fetch_array() expects parameter 1 to be mysqli_result, boolean given in C:\Winginx\home\kinoafishka.ru\public_html\includes\bd.php on line 84
[20-Dec-2020 17:48:14 UTC] PHP Warning:  mysqli_fetch_array() expects parameter 1 to be mysqli_result, boolean given in C:\Winginx\home\kinoafishka.ru\public_html\includes\bd.php on line 84
[20-Dec-2020 17:48:19 UTC] PHP Warning:  mysqli_fetch_array() expects parameter 1 to be mysqli_result, boolean given in C:\Winginx\home\kinoafishka.ru\public_html\includes\bd.php on line 84
[20-Dec-2020 17:49:23 UTC] PHP Warning:  mysqli_fetch_array() expects parameter 1 to be mysqli_result, boolean given in C:\Winginx\home\kinoafishka.ru\public_html\includes\bd.php on line 84
[20-Dec-2020 17:49:25 UTC] PHP Warning:  mysqli_fetch_array() expects parameter 1 to be mysqli_result, boolean given in C:\Winginx\home\kinoafishka.ru\public_html\includes\bd.php on line 84
[20-Dec-2020 17:50:46 UTC] PHP Warning:  mysqli_fetch_array() expects parameter 1 to be mysqli_result, boolean given in C:\Winginx\home\kinoafishka.ru\public_html\includes\bd.php on line 84
[20-Dec-2020 17:50:48 UTC] PHP Warning:  mysqli_fetch_array() expects parameter 1 to be mysqli_result, boolean given in C:\Winginx\home\kinoafishka.ru\public_html\includes\bd.php on line 84
[20-Dec-2020 17:51:26 UTC] PHP Warning:  mysqli_fetch_array() expects parameter 1 to be mysqli_result, boolean given in C:\Winginx\home\kinoafishka.ru\public_html\includes\bd.php on line 84
[20-Dec-2020 17:58:18 UTC] PHP Parse error:  syntax error, unexpected '$id' (T_VARIABLE), expecting ',' or ')' in C:\Winginx\home\kinoafishka.ru\public_html\includes\header.php on line 35
[20-Dec-2020 18:00:03 UTC] PHP Warning:  A non-numeric value encountered in C:\Winginx\home\kinoafishka.ru\public_html\includes\header.php on line 37
[20-Dec-2020 18:00:11 UTC] PHP Warning:  A non-numeric value encountered in C:\Winginx\home\kinoafishka.ru\public_html\includes\header.php on line 37
[20-Dec-2020 18:00:13 UTC] PHP Warning:  A non-numeric value encountered in C:\Winginx\home\kinoafishka.ru\public_html\includes\header.php on line 37
[20-Dec-2020 18:00:19 UTC] PHP Warning:  A non-numeric value encountered in C:\Winginx\home\kinoafishka.ru\public_html\includes\header.php on line 37
[20-Dec-2020 18:24:53 UTC] PHP Fatal error:  Cannot redeclare get_film_genre() (previously declared in C:\Winginx\home\kinoafishka.ru\public_html\includes\bd.php:47) in C:\Winginx\home\kinoafishka.ru\public_html\includes\bd.php on line 75
[21-Dec-2020 15:08:52 UTC] PHP Parse error:  syntax error, unexpected '(', expecting identifier (T_STRING) or variable (T_VARIABLE) or '{' or '$' in C:\Winginx\home\kinoafishka.ru\public_html\includes\bd.php on line 117
[13-Apr-2021 13:01:14 UTC] PHP Warning:  include(bd.php): failed to open stream: No such file or directory in D:\Winginx\home\kinoafishka.ru\public_html\other\all_films\films.php on line 9
[13-Apr-2021 13:01:14 UTC] PHP Warning:  include(): Failed opening 'bd.php' for inclusion (include_path='.;c:\Winginx\home\kinoafishka.ru\public_html\includes') in D:\Winginx\home\kinoafishka.ru\public_html\other\all_films\films.php on line 9
[13-Apr-2021 13:01:14 UTC] PHP Warning:  include(header.php): failed to open stream: No such file or directory in D:\Winginx\home\kinoafishka.ru\public_html\other\all_films\films.php on line 14
[13-Apr-2021 13:01:14 UTC] PHP Warning:  include(): Failed opening 'header.php' for inclusion (include_path='.;c:\Winginx\home\kinoafishka.ru\public_html\includes') in D:\Winginx\home\kinoafishka.ru\public_html\other\all_films\films.php on line 14
[13-Apr-2021 13:01:14 UTC] PHP Fatal error:  Uncaught Error: Call to undefined function get_film_count() in D:\Winginx\home\kinoafishka.ru\public_html\other\all_films\films.php:22
Stack trace:
#0 {main}
  thrown in D:\Winginx\home\kinoafishka.ru\public_html\other\all_films\films.php on line 22
[13-Apr-2021 13:02:07 UTC] PHP Warning:  include(bd.php): failed to open stream: No such file or directory in D:\Winginx\home\kinoafishka.ru\public_html\other\all_films\films.php on line 9
[13-Apr-2021 13:02:07 UTC] PHP Warning:  include(): Failed opening 'bd.php' for inclusion (include_path='.;c:\Winginx\home\kinoafishka.ru\public_html\includes') in D:\Winginx\home\kinoafishka.ru\public_html\other\all_films\films.php on line 9
[13-Apr-2021 13:02:07 UTC] PHP Warning:  include(header.php): failed to open stream: No such file or directory in D:\Winginx\home\kinoafishka.ru\public_html\other\all_films\films.php on line 14
[13-Apr-2021 13:02:07 UTC] PHP Warning:  include(): Failed opening 'header.php' for inclusion (include_path='.;c:\Winginx\home\kinoafishka.ru\public_html\includes') in D:\Winginx\home\kinoafishka.ru\public_html\other\all_films\films.php on line 14
[13-Apr-2021 13:02:07 UTC] PHP Fatal error:  Uncaught Error: Call to undefined function get_film_count() in D:\Winginx\home\kinoafishka.ru\public_html\other\all_films\films.php:22
Stack trace:
#0 {main}
  thrown in D:\Winginx\home\kinoafishka.ru\public_html\other\all_films\films.php on line 22
[13-Apr-2021 13:02:16 UTC] PHP Warning:  include(.//includes/bd.php): failed to open stream: No such file or directory in D:\Winginx\home\kinoafishka.ru\public_html\other\all_films\films.php on line 9
[13-Apr-2021 13:02:16 UTC] PHP Warning:  include(): Failed opening './/includes/bd.php' for inclusion (include_path='.;c:\Winginx\home\kinoafishka.ru\public_html\includes') in D:\Winginx\home\kinoafishka.ru\public_html\other\all_films\films.php on line 9
[13-Apr-2021 13:02:16 UTC] PHP Warning:  include(header.php): failed to open stream: No such file or directory in D:\Winginx\home\kinoafishka.ru\public_html\other\all_films\films.php on line 14
[13-Apr-2021 13:02:16 UTC] PHP Warning:  include(): Failed opening 'header.php' for inclusion (include_path='.;c:\Winginx\home\kinoafishka.ru\public_html\includes') in D:\Winginx\home\kinoafishka.ru\public_html\other\all_films\films.php on line 14
[13-Apr-2021 13:02:16 UTC] PHP Fatal error:  Uncaught Error: Call to undefined function get_film_count() in D:\Winginx\home\kinoafishka.ru\public_html\other\all_films\films.php:22
Stack trace:
#0 {main}
  thrown in D:\Winginx\home\kinoafishka.ru\public_html\other\all_films\films.php on line 22
[13-Apr-2021 13:02:24 UTC] PHP Warning:  include(..//includes/bd.php): failed to open stream: No such file or directory in D:\Winginx\home\kinoafishka.ru\public_html\other\all_films\films.php on line 9
[13-Apr-2021 13:02:24 UTC] PHP Warning:  include(): Failed opening '..//includes/bd.php' for inclusion (include_path='.;c:\Winginx\home\kinoafishka.ru\public_html\includes') in D:\Winginx\home\kinoafishka.ru\public_html\other\all_films\films.php on line 9
[13-Apr-2021 13:02:24 UTC] PHP Warning:  include(header.php): failed to open stream: No such file or directory in D:\Winginx\home\kinoafishka.ru\public_html\other\all_films\films.php on line 14
[13-Apr-2021 13:02:24 UTC] PHP Warning:  include(): Failed opening 'header.php' for inclusion (include_path='.;c:\Winginx\home\kinoafishka.ru\public_html\includes') in D:\Winginx\home\kinoafishka.ru\public_html\other\all_films\films.php on line 14
[13-Apr-2021 13:02:24 UTC] PHP Fatal error:  Uncaught Error: Call to undefined function get_film_count() in D:\Winginx\home\kinoafishka.ru\public_html\other\all_films\films.php:22
Stack trace:
#0 {main}
  thrown in D:\Winginx\home\kinoafishka.ru\public_html\other\all_films\films.php on line 22
[13-Apr-2021 13:02:30 UTC] PHP Warning:  include(../includes/bd.php): failed to open stream: No such file or directory in D:\Winginx\home\kinoafishka.ru\public_html\other\all_films\films.php on line 9
[13-Apr-2021 13:02:30 UTC] PHP Warning:  include(): Failed opening '../includes/bd.php' for inclusion (include_path='.;c:\Winginx\home\kinoafishka.ru\public_html\includes') in D:\Winginx\home\kinoafishka.ru\public_html\other\all_films\films.php on line 9
[13-Apr-2021 13:02:30 UTC] PHP Warning:  include(header.php): failed to open stream: No such file or directory in D:\Winginx\home\kinoafishka.ru\public_html\other\all_films\films.php on line 14
[13-Apr-2021 13:02:30 UTC] PHP Warning:  include(): Failed opening 'header.php' for inclusion (include_path='.;c:\Winginx\home\kinoafishka.ru\public_html\includes') in D:\Winginx\home\kinoafishka.ru\public_html\other\all_films\films.php on line 14
[13-Apr-2021 13:02:30 UTC] PHP Fatal error:  Uncaught Error: Call to undefined function get_film_count() in D:\Winginx\home\kinoafishka.ru\public_html\other\all_films\films.php:22
Stack trace:
#0 {main}
  thrown in D:\Winginx\home\kinoafishka.ru\public_html\other\all_films\films.php on line 22
[13-Apr-2021 13:02:31 UTC] PHP Warning:  include(../includes/bd.php): failed to open stream: No such file or directory in D:\Winginx\home\kinoafishka.ru\public_html\other\all_films\films.php on line 9
[13-Apr-2021 13:02:31 UTC] PHP Warning:  include(): Failed opening '../includes/bd.php' for inclusion (include_path='.;c:\Winginx\home\kinoafishka.ru\public_html\includes') in D:\Winginx\home\kinoafishka.ru\public_html\other\all_films\films.php on line 9
[13-Apr-2021 13:02:31 UTC] PHP Warning:  include(header.php): failed to open stream: No such file or directory in D:\Winginx\home\kinoafishka.ru\public_html\other\all_films\films.php on line 14
[13-Apr-2021 13:02:31 UTC] PHP Warning:  include(): Failed opening 'header.php' for inclusion (include_path='.;c:\Winginx\home\kinoafishka.ru\public_html\includes') in D:\Winginx\home\kinoafishka.ru\public_html\other\all_films\films.php on line 14
[13-Apr-2021 13:02:31 UTC] PHP Fatal error:  Uncaught Error: Call to undefined function get_film_count() in D:\Winginx\home\kinoafishka.ru\public_html\other\all_films\films.php:22
Stack trace:
#0 {main}
  thrown in D:\Winginx\home\kinoafishka.ru\public_html\other\all_films\films.php on line 22
[13-Apr-2021 13:02:56 UTC] PHP Warning:  include(.//../includes/bd.php): failed to open stream: No such file or directory in D:\Winginx\home\kinoafishka.ru\public_html\other\all_films\films.php on line 9
[13-Apr-2021 13:02:56 UTC] PHP Warning:  include(): Failed opening './/../includes/bd.php' for inclusion (include_path='.;c:\Winginx\home\kinoafishka.ru\public_html\includes') in D:\Winginx\home\kinoafishka.ru\public_html\other\all_films\films.php on line 9
[13-Apr-2021 13:02:56 UTC] PHP Warning:  include(header.php): failed to open stream: No such file or directory in D:\Winginx\home\kinoafishka.ru\public_html\other\all_films\films.php on line 14
[13-Apr-2021 13:02:56 UTC] PHP Warning:  include(): Failed opening 'header.php' for inclusion (include_path='.;c:\Winginx\home\kinoafishka.ru\public_html\includes') in D:\Winginx\home\kinoafishka.ru\public_html\other\all_films\films.php on line 14
[13-Apr-2021 13:02:56 UTC] PHP Fatal error:  Uncaught Error: Call to undefined function get_film_count() in D:\Winginx\home\kinoafishka.ru\public_html\other\all_films\films.php:22
Stack trace:
#0 {main}
  thrown in D:\Winginx\home\kinoafishka.ru\public_html\other\all_films\films.php on line 22
[13-Apr-2021 13:03:02 UTC] PHP Warning:  include(./../includes/bd.php): failed to open stream: No such file or directory in D:\Winginx\home\kinoafishka.ru\public_html\other\all_films\films.php on line 9
[13-Apr-2021 13:03:02 UTC] PHP Warning:  include(): Failed opening './../includes/bd.php' for inclusion (include_path='.;c:\Winginx\home\kinoafishka.ru\public_html\includes') in D:\Winginx\home\kinoafishka.ru\public_html\other\all_films\films.php on line 9
[13-Apr-2021 13:03:02 UTC] PHP Warning:  include(header.php): failed to open stream: No such file or directory in D:\Winginx\home\kinoafishka.ru\public_html\other\all_films\films.php on line 14
[13-Apr-2021 13:03:02 UTC] PHP Warning:  include(): Failed opening 'header.php' for inclusion (include_path='.;c:\Winginx\home\kinoafishka.ru\public_html\includes') in D:\Winginx\home\kinoafishka.ru\public_html\other\all_films\films.php on line 14
[13-Apr-2021 13:03:02 UTC] PHP Fatal error:  Uncaught Error: Call to undefined function get_film_count() in D:\Winginx\home\kinoafishka.ru\public_html\other\all_films\films.php:22
Stack trace:
#0 {main}
  thrown in D:\Winginx\home\kinoafishka.ru\public_html\other\all_films\films.php on line 22
[13-Apr-2021 13:03:02 UTC] PHP Warning:  include(./../includes/bd.php): failed to open stream: No such file or directory in D:\Winginx\home\kinoafishka.ru\public_html\other\all_films\films.php on line 9
[13-Apr-2021 13:03:02 UTC] PHP Warning:  include(): Failed opening './../includes/bd.php' for inclusion (include_path='.;c:\Winginx\home\kinoafishka.ru\public_html\includes') in D:\Winginx\home\kinoafishka.ru\public_html\other\all_films\films.php on line 9
[13-Apr-2021 13:03:02 UTC] PHP Warning:  include(header.php): failed to open stream: No such file or directory in D:\Winginx\home\kinoafishka.ru\public_html\other\all_films\films.php on line 14
[13-Apr-2021 13:03:02 UTC] PHP Warning:  include(): Failed opening 'header.php' for inclusion (include_path='.;c:\Winginx\home\kinoafishka.ru\public_html\includes') in D:\Winginx\home\kinoafishka.ru\public_html\other\all_films\films.php on line 14
[13-Apr-2021 13:03:02 UTC] PHP Fatal error:  Uncaught Error: Call to undefined function get_film_count() in D:\Winginx\home\kinoafishka.ru\public_html\other\all_films\films.php:22
Stack trace:
#0 {main}
  thrown in D:\Winginx\home\kinoafishka.ru\public_html\other\all_films\films.php on line 22
[13-Apr-2021 13:03:36 UTC] PHP Warning:  include(././includes/bd.php): failed to open stream: No such file or directory in D:\Winginx\home\kinoafishka.ru\public_html\other\all_films\films.php on line 9
[13-Apr-2021 13:03:36 UTC] PHP Warning:  include(): Failed opening '././includes/bd.php' for inclusion (include_path='.;c:\Winginx\home\kinoafishka.ru\public_html\includes') in D:\Winginx\home\kinoafishka.ru\public_html\other\all_films\films.php on line 9
[13-Apr-2021 13:03:36 UTC] PHP Warning:  include(header.php): failed to open stream: No such file or directory in D:\Winginx\home\kinoafishka.ru\public_html\other\all_films\films.php on line 14
[13-Apr-2021 13:03:36 UTC] PHP Warning:  include(): Failed opening 'header.php' for inclusion (include_path='.;c:\Winginx\home\kinoafishka.ru\public_html\includes') in D:\Winginx\home\kinoafishka.ru\public_html\other\all_films\films.php on line 14
[13-Apr-2021 13:03:36 UTC] PHP Fatal error:  Uncaught Error: Call to undefined function get_film_count() in D:\Winginx\home\kinoafishka.ru\public_html\other\all_films\films.php:22
Stack trace:
#0 {main}
  thrown in D:\Winginx\home\kinoafishka.ru\public_html\other\all_films\films.php on line 22
[13-Apr-2021 13:03:37 UTC] PHP Warning:  include(././includes/bd.php): failed to open stream: No such file or directory in D:\Winginx\home\kinoafishka.ru\public_html\other\all_films\films.php on line 9
[13-Apr-2021 13:03:37 UTC] PHP Warning:  include(): Failed opening '././includes/bd.php' for inclusion (include_path='.;c:\Winginx\home\kinoafishka.ru\public_html\includes') in D:\Winginx\home\kinoafishka.ru\public_html\other\all_films\films.php on line 9
[13-Apr-2021 13:03:37 UTC] PHP Warning:  include(header.php): failed to open stream: No such file or directory in D:\Winginx\home\kinoafishka.ru\public_html\other\all_films\films.php on line 14
[13-Apr-2021 13:03:37 UTC] PHP Warning:  include(): Failed opening 'header.php' for inclusion (include_path='.;c:\Winginx\home\kinoafishka.ru\public_html\includes') in D:\Winginx\home\kinoafishka.ru\public_html\other\all_films\films.php on line 14
[13-Apr-2021 13:03:37 UTC] PHP Fatal error:  Uncaught Error: Call to undefined function get_film_count() in D:\Winginx\home\kinoafishka.ru\public_html\other\all_films\films.php:22
Stack trace:
#0 {main}
  thrown in D:\Winginx\home\kinoafishka.ru\public_html\other\all_films\films.php on line 22
[13-Apr-2021 13:03:52 UTC] PHP Warning:  include(.//.//includes/bd.php): failed to open stream: No such file or directory in D:\Winginx\home\kinoafishka.ru\public_html\other\all_films\films.php on line 9
[13-Apr-2021 13:03:52 UTC] PHP Warning:  include(): Failed opening './/.//includes/bd.php' for inclusion (include_path='.;c:\Winginx\home\kinoafishka.ru\public_html\includes') in D:\Winginx\home\kinoafishka.ru\public_html\other\all_films\films.php on line 9
[13-Apr-2021 13:03:52 UTC] PHP Warning:  include(header.php): failed to open stream: No such file or directory in D:\Winginx\home\kinoafishka.ru\public_html\other\all_films\films.php on line 14
[13-Apr-2021 13:03:52 UTC] PHP Warning:  include(): Failed opening 'header.php' for inclusion (include_path='.;c:\Winginx\home\kinoafishka.ru\public_html\includes') in D:\Winginx\home\kinoafishka.ru\public_html\other\all_films\films.php on line 14
[13-Apr-2021 13:03:52 UTC] PHP Fatal error:  Uncaught Error: Call to undefined function get_film_count() in D:\Winginx\home\kinoafishka.ru\public_html\other\all_films\films.php:22
Stack trace:
#0 {main}
  thrown in D:\Winginx\home\kinoafishka.ru\public_html\other\all_films\films.php on line 22
[13-Apr-2021 13:03:52 UTC] PHP Warning:  include(.//.//includes/bd.php): failed to open stream: No such file or directory in D:\Winginx\home\kinoafishka.ru\public_html\other\all_films\films.php on line 9
[13-Apr-2021 13:03:52 UTC] PHP Warning:  include(): Failed opening './/.//includes/bd.php' for inclusion (include_path='.;c:\Winginx\home\kinoafishka.ru\public_html\includes') in D:\Winginx\home\kinoafishka.ru\public_html\other\all_films\films.php on line 9
[13-Apr-2021 13:03:52 UTC] PHP Warning:  include(header.php): failed to open stream: No such file or directory in D:\Winginx\home\kinoafishka.ru\public_html\other\all_films\films.php on line 14
[13-Apr-2021 13:03:52 UTC] PHP Warning:  include(): Failed opening 'header.php' for inclusion (include_path='.;c:\Winginx\home\kinoafishka.ru\public_html\includes') in D:\Winginx\home\kinoafishka.ru\public_html\other\all_films\films.php on line 14
[13-Apr-2021 13:03:52 UTC] PHP Fatal error:  Uncaught Error: Call to undefined function get_film_count() in D:\Winginx\home\kinoafishka.ru\public_html\other\all_films\films.php:22
Stack trace:
#0 {main}
  thrown in D:\Winginx\home\kinoafishka.ru\public_html\other\all_films\films.php on line 22
[13-Apr-2021 13:03:57 UTC] PHP Warning:  include(.//..//includes/bd.php): failed to open stream: No such file or directory in D:\Winginx\home\kinoafishka.ru\public_html\other\all_films\films.php on line 9
[13-Apr-2021 13:03:57 UTC] PHP Warning:  include(): Failed opening './/..//includes/bd.php' for inclusion (include_path='.;c:\Winginx\home\kinoafishka.ru\public_html\includes') in D:\Winginx\home\kinoafishka.ru\public_html\other\all_films\films.php on line 9
[13-Apr-2021 13:03:57 UTC] PHP Warning:  include(header.php): failed to open stream: No such file or directory in D:\Winginx\home\kinoafishka.ru\public_html\other\all_films\films.php on line 14
[13-Apr-2021 13:03:57 UTC] PHP Warning:  include(): Failed opening 'header.php' for inclusion (include_path='.;c:\Winginx\home\kinoafishka.ru\public_html\includes') in D:\Winginx\home\kinoafishka.ru\public_html\other\all_films\films.php on line 14
[13-Apr-2021 13:03:57 UTC] PHP Fatal error:  Uncaught Error: Call to undefined function get_film_count() in D:\Winginx\home\kinoafishka.ru\public_html\other\all_films\films.php:22
Stack trace:
#0 {main}
  thrown in D:\Winginx\home\kinoafishka.ru\public_html\other\all_films\films.php on line 22
[13-Apr-2021 13:03:58 UTC] PHP Warning:  include(.//..//includes/bd.php): failed to open stream: No such file or directory in D:\Winginx\home\kinoafishka.ru\public_html\other\all_films\films.php on line 9
[13-Apr-2021 13:03:58 UTC] PHP Warning:  include(): Failed opening './/..//includes/bd.php' for inclusion (include_path='.;c:\Winginx\home\kinoafishka.ru\public_html\includes') in D:\Winginx\home\kinoafishka.ru\public_html\other\all_films\films.php on line 9
[13-Apr-2021 13:03:58 UTC] PHP Warning:  include(header.php): failed to open stream: No such file or directory in D:\Winginx\home\kinoafishka.ru\public_html\other\all_films\films.php on line 14
[13-Apr-2021 13:03:58 UTC] PHP Warning:  include(): Failed opening 'header.php' for inclusion (include_path='.;c:\Winginx\home\kinoafishka.ru\public_html\includes') in D:\Winginx\home\kinoafishka.ru\public_html\other\all_films\films.php on line 14
[13-Apr-2021 13:03:58 UTC] PHP Fatal error:  Uncaught Error: Call to undefined function get_film_count() in D:\Winginx\home\kinoafishka.ru\public_html\other\all_films\films.php:22
Stack trace:
#0 {main}
  thrown in D:\Winginx\home\kinoafishka.ru\public_html\other\all_films\films.php on line 22
[13-Apr-2021 13:04:03 UTC] PHP Warning:  include(header.php): failed to open stream: No such file or directory in D:\Winginx\home\kinoafishka.ru\public_html\other\all_films\films.php on line 14
[13-Apr-2021 13:04:03 UTC] PHP Warning:  include(): Failed opening 'header.php' for inclusion (include_path='.;c:\Winginx\home\kinoafishka.ru\public_html\includes') in D:\Winginx\home\kinoafishka.ru\public_html\other\all_films\films.php on line 14
[13-Apr-2021 13:04:03 UTC] PHP Warning:  include(createblockfilm.php): failed to open stream: No such file or directory in D:\Winginx\home\kinoafishka.ru\public_html\other\all_films\films.php on line 34
[13-Apr-2021 13:04:03 UTC] PHP Warning:  include(): Failed opening 'createblockfilm.php' for inclusion (include_path='.;c:\Winginx\home\kinoafishka.ru\public_html\includes') in D:\Winginx\home\kinoafishka.ru\public_html\other\all_films\films.php on line 34
[13-Apr-2021 13:04:03 UTC] PHP Warning:  include(createblockfilm.php): failed to open stream: No such file or directory in D:\Winginx\home\kinoafishka.ru\public_html\other\all_films\films.php on line 34
[13-Apr-2021 13:04:03 UTC] PHP Warning:  include(): Failed opening 'createblockfilm.php' for inclusion (include_path='.;c:\Winginx\home\kinoafishka.ru\public_html\includes') in D:\Winginx\home\kinoafishka.ru\public_html\other\all_films\films.php on line 34
[13-Apr-2021 13:04:03 UTC] PHP Warning:  include(createblockfilm.php): failed to open stream: No such file or directory in D:\Winginx\home\kinoafishka.ru\public_html\other\all_films\films.php on line 34
[13-Apr-2021 13:04:03 UTC] PHP Warning:  include(): Failed opening 'createblockfilm.php' for inclusion (include_path='.;c:\Winginx\home\kinoafishka.ru\public_html\includes') in D:\Winginx\home\kinoafishka.ru\public_html\other\all_films\films.php on line 34
[13-Apr-2021 13:04:03 UTC] PHP Warning:  include(createblockfilm.php): failed to open stream: No such file or directory in D:\Winginx\home\kinoafishka.ru\public_html\other\all_films\films.php on line 34
[13-Apr-2021 13:04:03 UTC] PHP Warning:  include(): Failed opening 'createblockfilm.php' for inclusion (include_path='.;c:\Winginx\home\kinoafishka.ru\public_html\includes') in D:\Winginx\home\kinoafishka.ru\public_html\other\all_films\films.php on line 34
[13-Apr-2021 13:04:03 UTC] PHP Warning:  include(createblockfilm.php): failed to open stream: No such file or directory in D:\Winginx\home\kinoafishka.ru\public_html\other\all_films\films.php on line 34
[13-Apr-2021 13:04:03 UTC] PHP Warning:  include(): Failed opening 'createblockfilm.php' for inclusion (include_path='.;c:\Winginx\home\kinoafishka.ru\public_html\includes') in D:\Winginx\home\kinoafishka.ru\public_html\other\all_films\films.php on line 34
[13-Apr-2021 13:04:04 UTC] PHP Warning:  include(header.php): failed to open stream: No such file or directory in D:\Winginx\home\kinoafishka.ru\public_html\other\all_films\films.php on line 14
[13-Apr-2021 13:04:04 UTC] PHP Warning:  include(): Failed opening 'header.php' for inclusion (include_path='.;c:\Winginx\home\kinoafishka.ru\public_html\includes') in D:\Winginx\home\kinoafishka.ru\public_html\other\all_films\films.php on line 14
[13-Apr-2021 13:04:04 UTC] PHP Warning:  include(createblockfilm.php): failed to open stream: No such file or directory in D:\Winginx\home\kinoafishka.ru\public_html\other\all_films\films.php on line 34
[13-Apr-2021 13:04:04 UTC] PHP Warning:  include(): Failed opening 'createblockfilm.php' for inclusion (include_path='.;c:\Winginx\home\kinoafishka.ru\public_html\includes') in D:\Winginx\home\kinoafishka.ru\public_html\other\all_films\films.php on line 34
[13-Apr-2021 13:04:04 UTC] PHP Warning:  include(createblockfilm.php): failed to open stream: No such file or directory in D:\Winginx\home\kinoafishka.ru\public_html\other\all_films\films.php on line 34
[13-Apr-2021 13:04:04 UTC] PHP Warning:  include(): Failed opening 'createblockfilm.php' for inclusion (include_path='.;c:\Winginx\home\kinoafishka.ru\public_html\includes') in D:\Winginx\home\kinoafishka.ru\public_html\other\all_films\films.php on line 34
[13-Apr-2021 13:04:04 UTC] PHP Warning:  include(createblockfilm.php): failed to open stream: No such file or directory in D:\Winginx\home\kinoafishka.ru\public_html\other\all_films\films.php on line 34
[13-Apr-2021 13:04:04 UTC] PHP Warning:  include(): Failed opening 'createblockfilm.php' for inclusion (include_path='.;c:\Winginx\home\kinoafishka.ru\public_html\includes') in D:\Winginx\home\kinoafishka.ru\public_html\other\all_films\films.php on line 34
[13-Apr-2021 13:04:04 UTC] PHP Warning:  include(createblockfilm.php): failed to open stream: No such file or directory in D:\Winginx\home\kinoafishka.ru\public_html\other\all_films\films.php on line 34
[13-Apr-2021 13:04:04 UTC] PHP Warning:  include(): Failed opening 'createblockfilm.php' for inclusion (include_path='.;c:\Winginx\home\kinoafishka.ru\public_html\includes') in D:\Winginx\home\kinoafishka.ru\public_html\other\all_films\films.php on line 34
[13-Apr-2021 13:04:04 UTC] PHP Warning:  include(createblockfilm.php): failed to open stream: No such file or directory in D:\Winginx\home\kinoafishka.ru\public_html\other\all_films\films.php on line 34
[13-Apr-2021 13:04:04 UTC] PHP Warning:  include(): Failed opening 'createblockfilm.php' for inclusion (include_path='.;c:\Winginx\home\kinoafishka.ru\public_html\includes') in D:\Winginx\home\kinoafishka.ru\public_html\other\all_films\films.php on line 34
[13-Apr-2021 13:04:20 UTC] PHP Warning:  include(..//..//iheader.php): failed to open stream: No such file or directory in D:\Winginx\home\kinoafishka.ru\public_html\other\all_films\films.php on line 14
[13-Apr-2021 13:04:20 UTC] PHP Warning:  include(): Failed opening '..//..//iheader.php' for inclusion (include_path='.;c:\Winginx\home\kinoafishka.ru\public_html\includes') in D:\Winginx\home\kinoafishka.ru\public_html\other\all_films\films.php on line 14
[13-Apr-2021 13:04:20 UTC] PHP Warning:  include(createblockfilm.php): failed to open stream: No such file or directory in D:\Winginx\home\kinoafishka.ru\public_html\other\all_films\films.php on line 34
[13-Apr-2021 13:04:20 UTC] PHP Warning:  include(): Failed opening 'createblockfilm.php' for inclusion (include_path='.;c:\Winginx\home\kinoafishka.ru\public_html\includes') in D:\Winginx\home\kinoafishka.ru\public_html\other\all_films\films.php on line 34
[13-Apr-2021 13:04:20 UTC] PHP Warning:  include(createblockfilm.php): failed to open stream: No such file or directory in D:\Winginx\home\kinoafishka.ru\public_html\other\all_films\films.php on line 34
[13-Apr-2021 13:04:20 UTC] PHP Warning:  include(): Failed opening 'createblockfilm.php' for inclusion (include_path='.;c:\Winginx\home\kinoafishka.ru\public_html\includes') in D:\Winginx\home\kinoafishka.ru\public_html\other\all_films\films.php on line 34
[13-Apr-2021 13:04:20 UTC] PHP Warning:  include(createblockfilm.php): failed to open stream: No such file or directory in D:\Winginx\home\kinoafishka.ru\public_html\other\all_films\films.php on line 34
[13-Apr-2021 13:04:20 UTC] PHP Warning:  include(): Failed opening 'createblockfilm.php' for inclusion (include_path='.;c:\Winginx\home\kinoafishka.ru\public_html\includes') in D:\Winginx\home\kinoafishka.ru\public_html\other\all_films\films.php on line 34
[13-Apr-2021 13:04:20 UTC] PHP Warning:  include(createblockfilm.php): failed to open stream: No such file or directory in D:\Winginx\home\kinoafishka.ru\public_html\other\all_films\films.php on line 34
[13-Apr-2021 13:04:20 UTC] PHP Warning:  include(): Failed opening 'createblockfilm.php' for inclusion (include_path='.;c:\Winginx\home\kinoafishka.ru\public_html\includes') in D:\Winginx\home\kinoafishka.ru\public_html\other\all_films\films.php on line 34
[13-Apr-2021 13:04:20 UTC] PHP Warning:  include(createblockfilm.php): failed to open stream: No such file or directory in D:\Winginx\home\kinoafishka.ru\public_html\other\all_films\films.php on line 34
[13-Apr-2021 13:04:20 UTC] PHP Warning:  include(): Failed opening 'createblockfilm.php' for inclusion (include_path='.;c:\Winginx\home\kinoafishka.ru\public_html\includes') in D:\Winginx\home\kinoafishka.ru\public_html\other\all_films\films.php on line 34
[13-Apr-2021 13:04:30 UTC] PHP Warning:  include(..//..//header.php): failed to open stream: No such file or directory in D:\Winginx\home\kinoafishka.ru\public_html\other\all_films\films.php on line 14
[13-Apr-2021 13:04:30 UTC] PHP Warning:  include(): Failed opening '..//..//header.php' for inclusion (include_path='.;c:\Winginx\home\kinoafishka.ru\public_html\includes') in D:\Winginx\home\kinoafishka.ru\public_html\other\all_films\films.php on line 14
[13-Apr-2021 13:04:30 UTC] PHP Warning:  include(createblockfilm.php): failed to open stream: No such file or directory in D:\Winginx\home\kinoafishka.ru\public_html\other\all_films\films.php on line 34
[13-Apr-2021 13:04:30 UTC] PHP Warning:  include(): Failed opening 'createblockfilm.php' for inclusion (include_path='.;c:\Winginx\home\kinoafishka.ru\public_html\includes') in D:\Winginx\home\kinoafishka.ru\public_html\other\all_films\films.php on line 34
[13-Apr-2021 13:04:30 UTC] PHP Warning:  include(createblockfilm.php): failed to open stream: No such file or directory in D:\Winginx\home\kinoafishka.ru\public_html\other\all_films\films.php on line 34
[13-Apr-2021 13:04:30 UTC] PHP Warning:  include(): Failed opening 'createblockfilm.php' for inclusion (include_path='.;c:\Winginx\home\kinoafishka.ru\public_html\includes') in D:\Winginx\home\kinoafishka.ru\public_html\other\all_films\films.php on line 34
[13-Apr-2021 13:04:30 UTC] PHP Warning:  include(createblockfilm.php): failed to open stream: No such file or directory in D:\Winginx\home\kinoafishka.ru\public_html\other\all_films\films.php on line 34
[13-Apr-2021 13:04:30 UTC] PHP Warning:  include(): Failed opening 'createblockfilm.php' for inclusion (include_path='.;c:\Winginx\home\kinoafishka.ru\public_html\includes') in D:\Winginx\home\kinoafishka.ru\public_html\other\all_films\films.php on line 34
[13-Apr-2021 13:04:30 UTC] PHP Warning:  include(createblockfilm.php): failed to open stream: No such file or directory in D:\Winginx\home\kinoafishka.ru\public_html\other\all_films\films.php on line 34
[13-Apr-2021 13:04:30 UTC] PHP Warning:  include(): Failed opening 'createblockfilm.php' for inclusion (include_path='.;c:\Winginx\home\kinoafishka.ru\public_html\includes') in D:\Winginx\home\kinoafishka.ru\public_html\other\all_films\films.php on line 34
[13-Apr-2021 13:04:30 UTC] PHP Warning:  include(createblockfilm.php): failed to open stream: No such file or directory in D:\Winginx\home\kinoafishka.ru\public_html\other\all_films\films.php on line 34
[13-Apr-2021 13:04:30 UTC] PHP Warning:  include(): Failed opening 'createblockfilm.php' for inclusion (include_path='.;c:\Winginx\home\kinoafishka.ru\public_html\includes') in D:\Winginx\home\kinoafishka.ru\public_html\other\all_films\films.php on line 34
[13-Apr-2021 13:04:56 UTC] PHP Warning:  include(createblockfilm.php): failed to open stream: No such file or directory in D:\Winginx\home\kinoafishka.ru\public_html\other\all_films\films.php on line 34
[13-Apr-2021 13:04:56 UTC] PHP Warning:  include(): Failed opening 'createblockfilm.php' for inclusion (include_path='.;c:\Winginx\home\kinoafishka.ru\public_html\includes') in D:\Winginx\home\kinoafishka.ru\public_html\other\all_films\films.php on line 34
[13-Apr-2021 13:04:56 UTC] PHP Warning:  include(createblockfilm.php): failed to open stream: No such file or directory in D:\Winginx\home\kinoafishka.ru\public_html\other\all_films\films.php on line 34
[13-Apr-2021 13:04:56 UTC] PHP Warning:  include(): Failed opening 'createblockfilm.php' for inclusion (include_path='.;c:\Winginx\home\kinoafishka.ru\public_html\includes') in D:\Winginx\home\kinoafishka.ru\public_html\other\all_films\films.php on line 34
[13-Apr-2021 13:04:56 UTC] PHP Warning:  include(createblockfilm.php): failed to open stream: No such file or directory in D:\Winginx\home\kinoafishka.ru\public_html\other\all_films\films.php on line 34
[13-Apr-2021 13:04:56 UTC] PHP Warning:  include(): Failed opening 'createblockfilm.php' for inclusion (include_path='.;c:\Winginx\home\kinoafishka.ru\public_html\includes') in D:\Winginx\home\kinoafishka.ru\public_html\other\all_films\films.php on line 34
[13-Apr-2021 13:04:56 UTC] PHP Warning:  include(createblockfilm.php): failed to open stream: No such file or directory in D:\Winginx\home\kinoafishka.ru\public_html\other\all_films\films.php on line 34
[13-Apr-2021 13:04:56 UTC] PHP Warning:  include(): Failed opening 'createblockfilm.php' for inclusion (include_path='.;c:\Winginx\home\kinoafishka.ru\public_html\includes') in D:\Winginx\home\kinoafishka.ru\public_html\other\all_films\films.php on line 34
[13-Apr-2021 13:04:56 UTC] PHP Warning:  include(createblockfilm.php): failed to open stream: No such file or directory in D:\Winginx\home\kinoafishka.ru\public_html\other\all_films\films.php on line 34
[13-Apr-2021 13:04:56 UTC] PHP Warning:  include(): Failed opening 'createblockfilm.php' for inclusion (include_path='.;c:\Winginx\home\kinoafishka.ru\public_html\includes') in D:\Winginx\home\kinoafishka.ru\public_html\other\all_films\films.php on line 34
